\BOOKMARK [0][-]{chapter.1}{Introduction}{}% 1
\BOOKMARK [1][-]{section.1.1}{Orientation}{chapter.1}% 2
\BOOKMARK [2][-]{subsection.1.1.1}{Topics}{section.1.1}% 3
\BOOKMARK [2][-]{subsection.1.1.2}{Projects}{section.1.1}% 4
\BOOKMARK [2][-]{subsection.1.1.3}{Centers,\040Books,\040Resources}{section.1.1}% 5
\BOOKMARK [1][-]{section.1.2}{Fundamentals}{chapter.1}% 6
\BOOKMARK [2][-]{subsection.1.2.1}{Complexity}{section.1.2}% 7
\BOOKMARK [0][-]{chapter.2}{Free\040Accompanying\040Manifesto}{}% 8
\BOOKMARK [1][-]{section.2.1}{Defining\040Complexity}{chapter.2}% 9
\BOOKMARK [1][-]{section.2.2}{A\040Manifesto}{chapter.2}% 10
\BOOKMARK [0][-]{chapter.3}{Fundamentals}{}% 11
\BOOKMARK [0][-]{chapter.4}{Scaling}{}% 12
\BOOKMARK [1][-]{section.4.1}{Introduction\040to\040Scalingology}{chapter.4}% 13
\BOOKMARK [1][-]{section.4.2}{Allometry}{chapter.4}% 14
\BOOKMARK [1][-]{section.4.3}{Examples\040in\040Biology}{chapter.4}% 15
\BOOKMARK [1][-]{section.4.4}{Physics}{chapter.4}% 16
\BOOKMARK [1][-]{section.4.5}{Cities}{chapter.4}% 17
\BOOKMARK [1][-]{section.4.6}{Money}{chapter.4}% 18
\BOOKMARK [1][-]{section.4.7}{Technology}{chapter.4}% 19
\BOOKMARK [1][-]{section.4.8}{Specialization}{chapter.4}% 20
\BOOKMARK [0][-]{chapter.5}{Power-Law\040Size\040Distributions}{}% 21
\BOOKMARK [0][-]{chapter.6}{Mechanisms\040for\040Generating\040Power-Law\040Size\040Distributions}{}% 22
\BOOKMARK [0][-]{chapter.7}{Robustness}{}% 23
\BOOKMARK [0][-]{chapter.8}{Lognormals\040and\040other\040disappointments}{}% 24
\BOOKMARK [0][-]{chapter.9}{Complex\040Networks}{}% 25
\BOOKMARK [0][-]{chapter.10}{Biological\040Contagion}{}% 26
\BOOKMARK [0][-]{chapter.11}{Social\040Contagion}{}% 27
\BOOKMARK [0][-]{chapter.12}{Differential\040Equations,\040Algorithms,\040and\040Stories}{}% 28
\BOOKMARK [1][-]{section.12.1}{Narrativium}{chapter.12}% 29
\BOOKMARK [1][-]{section.12.2}{Power}{chapter.12}% 30
\BOOKMARK [1][-]{section.12.3}{Shapes}{chapter.12}% 31
\BOOKMARK [1][-]{section.12.4}{Taxonomy}{chapter.12}% 32
\BOOKMARK [1][-]{section.12.5}{Essence}{chapter.12}% 33
\BOOKMARK [0][-]{chapter.13}{Complexification}{}% 34
