This is XeTeX, Version 3.14159265-2.6-0.99996 (TeX Live 2016) (preloaded format=xelatex 2016.5.22)  7 JUN 2017 11:38
entering extended mode
 restricted \write18 enabled.
 %&-line parsing enabled.
**\makeatletter\def\plmac@tag{PALNBENIMNRPJIZAARIC}\def\plmac@tofile{pocsbook.t
opl}\def\plmac@fromfile{pocsbook.frpl}\def\plmac@toflag{pocsbook.tfpl}\def\plma
c@fromflag{pocsbook.ffpl}\def\plmac@doneflag{pocsbook.dfpl}\def\plmac@pipe{pocs
book.pipe}\makeatother\input pocsbook
(./pocsbook.tex (/usr/local/texlive/2016/texmf-dist/tex/latex/base/book.cls
Document Class: book 2014/09/29 v1.4h Standard LaTeX document class
(/usr/local/texlive/2016/texmf-dist/tex/latex/base/bk10.clo
File: bk10.clo 2014/09/29 v1.4h Standard LaTeX file (size option)
)
\c@part=\count79
\c@chapter=\count80
\c@section=\count81
\c@subsection=\count82
\c@subsubsection=\count83
\c@paragraph=\count84
\c@subparagraph=\count85
\c@figure=\count86
\c@table=\count87
\abovecaptionskip=\skip41
\belowcaptionskip=\skip42
\bibindent=\dimen102
)
(/usr/local/texlive/2016/texmf-dist/tex/latex/fontspec/fontspec.sty
(/usr/local/texlive/2016/texmf-dist/tex/latex/l3kernel/expl3.sty
Package: expl3 2016/05/18 v6512 L3 programming layer (loader) 

(/usr/local/texlive/2016/texmf-dist/tex/latex/l3kernel/expl3-code.tex
Package: expl3 2016/05/18 v6512 L3 programming layer (code)
L3 Module: l3bootstrap 2016/02/12 v6412 L3 Bootstrap code
L3 Module: l3names 2016/03/11 v6433 L3 Namespace for primitives
L3 Module: l3basics 2015/11/22 v6315 L3 Basic definitions
L3 Module: l3expan 2015/09/10 v5983 L3 Argument expansion
L3 Module: l3tl 2016/03/26 v6465 L3 Token lists
L3 Module: l3str 2016/03/24 v6441 L3 Strings
L3 Module: l3seq 2015/08/05 v5777 L3 Sequences and stacks
L3 Module: l3int 2016/03/24 v6441 L3 Integers
\c_max_int=\count88
\l_tmpa_int=\count89
\l_tmpb_int=\count90
\g_tmpa_int=\count91
\g_tmpb_int=\count92
L3 Module: l3quark 2015/08/17 v5855 L3 Quarks
L3 Module: l3prg 2015/11/01 v6216 L3 Control structures
\g__prg_map_int=\count93
L3 Module: l3clist 2015/09/02 v5901 L3 Comma separated lists
L3 Module: l3token 2016/04/03 v6470 L3 Experimental token manipulation
L3 Module: l3prop 2016/01/05 v6366 L3 Property lists
L3 Module: l3msg 2016/03/26 v6464 L3 Messages
L3 Module: l3file 2016/03/25 v6458 L3 File and I/O operations
\l_iow_line_count_int=\count94
\l__iow_target_count_int=\count95
\l__iow_current_line_int=\count96
\l__iow_current_word_int=\count97
\l__iow_current_indentation_int=\count98
L3 Module: l3skip 2016/01/05 v6366 L3 Dimensions and skips
\c_zero_dim=\dimen103
\c_max_dim=\dimen104
\l_tmpa_dim=\dimen105
\l_tmpb_dim=\dimen106
\g_tmpa_dim=\dimen107
\g_tmpb_dim=\dimen108
\c_zero_skip=\skip43
\c_max_skip=\skip44
\l_tmpa_skip=\skip45
\l_tmpb_skip=\skip46
\g_tmpa_skip=\skip47
\g_tmpb_skip=\skip48
\c_zero_muskip=\muskip10
\c_max_muskip=\muskip11
\l_tmpa_muskip=\muskip12
\l_tmpb_muskip=\muskip13
\g_tmpa_muskip=\muskip14
\g_tmpb_muskip=\muskip15
L3 Module: l3keys 2015/11/17 v6284 L3 Key-value interfaces
\g__keyval_level_int=\count99
\l_keys_choice_int=\count100
L3 Module: l3fp 2016/03/26 v6465 L3 Floating points
\c__fp_leading_shift_int=\count101
\c__fp_middle_shift_int=\count102
\c__fp_trailing_shift_int=\count103
\c__fp_big_leading_shift_int=\count104
\c__fp_big_middle_shift_int=\count105
\c__fp_big_trailing_shift_int=\count106
\c__fp_Bigg_leading_shift_int=\count107
\c__fp_Bigg_middle_shift_int=\count108
\c__fp_Bigg_trailing_shift_int=\count109
L3 Module: l3box 2015/08/09 v5822 L3 Experimental boxes
\c_empty_box=\box26
\l_tmpa_box=\box27
\l_tmpb_box=\box28
\g_tmpa_box=\box29
\g_tmpb_box=\box30
L3 Module: l3coffins 2016/05/17 v6508 L3 Coffin code layer
\l__coffin_internal_box=\box31
\l__coffin_internal_dim=\dimen109
\l__coffin_offset_x_dim=\dimen110
\l__coffin_offset_y_dim=\dimen111
\l__coffin_x_dim=\dimen112
\l__coffin_y_dim=\dimen113
\l__coffin_x_prime_dim=\dimen114
\l__coffin_y_prime_dim=\dimen115
\c_empty_coffin=\box32
\l__coffin_aligned_coffin=\box33
\l__coffin_aligned_internal_coffin=\box34
\l_tmpa_coffin=\box35
\l_tmpb_coffin=\box36
\l__coffin_display_coffin=\box37
\l__coffin_display_coord_coffin=\box38
\l__coffin_display_pole_coffin=\box39
\l__coffin_display_offset_dim=\dimen116
\l__coffin_display_x_dim=\dimen117
\l__coffin_display_y_dim=\dimen118
L3 Module: l3color 2014/08/23 v5354 L3 Experimental color support
L3 Module: l3sys 2015/09/25 v6087 L3 Experimental system/runtime functions
L3 Module: l3candidates 2016/05/13 v6484 L3 Experimental additions to l3kernel
\l__box_top_dim=\dimen119
\l__box_bottom_dim=\dimen120
\l__box_left_dim=\dimen121
\l__box_right_dim=\dimen122
\l__box_top_new_dim=\dimen123
\l__box_bottom_new_dim=\dimen124
\l__box_left_new_dim=\dimen125
\l__box_right_new_dim=\dimen126
\l__box_internal_box=\box40
\l__coffin_bounding_shift_dim=\dimen127
\l__coffin_left_corner_dim=\dimen128
\l__coffin_right_corner_dim=\dimen129
\l__coffin_bottom_corner_dim=\dimen130
\l__coffin_top_corner_dim=\dimen131
\l__coffin_scaled_total_height_dim=\dimen132
\l__coffin_scaled_width_dim=\dimen133
L3 Module: l3luatex 2016/03/26 v6465 L3 Experimental LuaTeX-specific functions
)
(/usr/local/texlive/2016/texmf-dist/tex/latex/l3kernel/l3xdvipdfmx.def
File: l3xdvidpfmx.def 2016/03/26 v6465 L3 Experimental driver: xdvipdfmx
\l__driver_tmp_box=\box41
))
(/usr/local/texlive/2016/texmf-dist/tex/latex/l3packages/xparse/xparse.sty
Package: xparse 2016/05/18 v6512 L3 Experimental document command parser
\l__xparse_current_arg_int=\count110
\l__xparse_m_args_int=\count111
\l__xparse_mandatory_args_int=\count112
\l__xparse_processor_int=\count113
\l__xparse_v_nesting_int=\count114
)
Package: fontspec 2016/02/01 v2.5a Font selection for XeLaTeX and LuaLaTeX

(/usr/local/texlive/2016/texmf-dist/tex/latex/fontspec/fontspec-xetex.sty
Package: fontspec-xetex 2016/02/01 v2.5a Font selection for XeLaTeX and LuaLaTe
X
\l_fontspec_script_int=\count115
\l_fontspec_language_int=\count116
\l_fontspec_strnum_int=\count117
\l__fontspec_tmpa_dim=\dimen134
\l__fontspec_tmpb_dim=\dimen135
\l__fontspec_tmpc_dim=\dimen136
\g__file_internal_ior=\read1

(/usr/local/texlive/2016/texmf-dist/tex/latex/base/fontenc.sty
Package: fontenc 2005/09/27 v1.99g Standard LaTeX package

(/usr/local/texlive/2016/texmf-dist/tex/latex/euenc/eu1enc.def
File: eu1enc.def 2010/05/27 v0.1h Experimental Unicode font encodings
)
LaTeX Font Info:    Try loading font information for EU1+lmr on input line 105.


(/usr/local/texlive/2016/texmf-dist/tex/latex/euenc/eu1lmr.fd
File: eu1lmr.fd 2009/10/30 v1.6 Font defs for Latin Modern
))
(/usr/local/texlive/2016/texmf-dist/tex/xelatex/xunicode/xunicode.sty
File: xunicode.sty 2011/09/09 v0.981 provides access to latin accents and many 
other characters in Unicode lower plane

(/usr/local/texlive/2016/texmf-dist/tex/latex/tipa/t3enc.def
File: t3enc.def 2001/12/31 T3 encoding
LaTeX Font Info:    Try loading font information for EU1+lmss on input line 357
.

(/usr/local/texlive/2016/texmf-dist/tex/latex/euenc/eu1lmss.fd
File: eu1lmss.fd 2009/10/30 v1.6 Font defs for Latin Modern
))
\tipaTiiicode=\count118
\tipasavetokens=\toks14
\tipachecktokens=\toks15

(/usr/local/texlive/2016/texmf-dist/tex/latex/graphics/graphicx.sty
Package: graphicx 2014/10/28 v1.0g Enhanced LaTeX Graphics (DPC,SPQR)

(/usr/local/texlive/2016/texmf-dist/tex/latex/graphics/keyval.sty
Package: keyval 2014/10/28 v1.15 key=value parser (DPC)
\KV@toks@=\toks16
)
(/usr/local/texlive/2016/texmf-dist/tex/latex/graphics/graphics.sty
Package: graphics 2016/05/09 v1.0r Standard LaTeX Graphics (DPC,SPQR)

(/usr/local/texlive/2016/texmf-dist/tex/latex/graphics/trig.sty
Package: trig 2016/01/03 v1.10 sin cos tan (DPC)
)
(/usr/local/texlive/2016/texmf-dist/tex/latex/graphics-cfg/graphics.cfg
File: graphics.cfg 2016/01/02 v1.10 sample graphics configuration
)
Package graphics Info: Driver file: xetex.def on input line 96.

(/usr/local/texlive/2016/texmf-dist/tex/xelatex/xetex-def/xetex.def
File: xetex.def 2016/04/06 v4.08 LaTeX color/graphics driver for XeTeX (TeX Liv
e/RRM/JK)

(/usr/local/texlive/2016/texmf-dist/tex/generic/oberdiek/infwarerr.sty
Package: infwarerr 2016/05/16 v1.4 Providing info/warning/error messages (HO)
)
(/usr/local/texlive/2016/texmf-dist/tex/generic/oberdiek/ltxcmds.sty
Package: ltxcmds 2016/05/16 v1.23 LaTeX kernel commands for general use (HO)
)))
\Gin@req@height=\dimen137
\Gin@req@width=\dimen138
))
.................................................
. LaTeX info: "xparse/define-command"
. 
. Defining command \__fontspec_post_arg:w with sig. 'mmO{}' on line 353.
.................................................
.................................................
. LaTeX info: "xparse/define-command"
. 
. Defining command \fontspec with sig. 'om' on line 355.
.................................................
.................................................
. LaTeX info: "xparse/define-command"
. 
. Defining command \setmainfont with sig. 'om' on line 365.
.................................................
.................................................
. LaTeX info: "xparse/define-command"
. 
. Defining command \setsansfont with sig. 'om' on line 375.
.................................................
.................................................
. LaTeX info: "xparse/define-command"
. 
. Defining command \setmonofont with sig. 'om' on line 385.
.................................................
.................................................
. LaTeX info: "xparse/define-command"
. 
. Defining command \setmathrm with sig. 'om' on line 399.
.................................................
.................................................
. LaTeX info: "xparse/define-command"
. 
. Defining command \setboldmathrm with sig. 'om' on line 407.
.................................................
.................................................
. LaTeX info: "xparse/define-command"
. 
. Defining command \setmathsf with sig. 'om' on line 415.
.................................................
.................................................
. LaTeX info: "xparse/define-command"
. 
. Defining command \setmathtt with sig. 'om' on line 423.
.................................................
.................................................
. LaTeX info: "xparse/define-command"
. 
. Defining command \newfontfamily with sig. 'mom' on line 437.
.................................................
.................................................
. LaTeX info: "xparse/define-command"
. 
. Defining command \newfontface with sig. 'mom' on line 453.
.................................................
.................................................
. LaTeX info: "xparse/define-command"
. 
. Defining command \defaultfontfeatures with sig. 't+om' on line 467.
.................................................
.................................................
. LaTeX info: "xparse/define-command"
. 
. Defining command \addfontfeatures with sig. 'm' on line 529.
.................................................
.................................................
. LaTeX info: "xparse/define-command"
. 
. Defining command \newfontfeature with sig. 'mm' on line 540.
.................................................
.................................................
. LaTeX info: "xparse/define-command"
. 
. Defining command \newAATfeature with sig. 'mmmm' on line 548.
.................................................
.................................................
. LaTeX info: "xparse/define-command"
. 
. Defining command \newopentypefeature with sig. 'mmm' on line 556.
.................................................
.................................................
. LaTeX info: "xparse/define-command"
. 
. Defining command \aliasfontfeature with sig. 'mm' on line 577.
.................................................
.................................................
. LaTeX info: "xparse/define-command"
. 
. Defining command \aliasfontfeatureoption with sig. 'mmm' on line 586.
.................................................
.................................................
. LaTeX info: "xparse/define-command"
. 
. Defining command \newfontscript with sig. 'mm' on line 590.
.................................................
.................................................
. LaTeX info: "xparse/define-command"
. 
. Defining command \newfontlanguage with sig. 'mm' on line 594.
.................................................
.................................................
. LaTeX info: "xparse/define-command"
. 
. Defining command \DeclareFontsExtensions with sig. 'm' on line 599.
.................................................
\l__fontspec_tmp_int=\count119

(/usr/local/texlive/2016/texmf-dist/tex/latex/fontspec/fontspec.cfg)
LaTeX Info: Redefining \itshape on input line 2705.
LaTeX Info: Redefining \slshape on input line 2710.
LaTeX Info: Redefining \scshape on input line 2715.
LaTeX Info: Redefining \upshape on input line 2720.
\l__fontspec_em_int=\count120
\l__fontspec_emdef_int=\count121
LaTeX Info: Redefining \em on input line 2736.
LaTeX Info: Redefining \emph on input line 2742.
LaTeX Info: Redefining \- on input line 2746.
.................................................
. LaTeX info: "xparse/redefine-command"
. 
. Redefining command \oldstylenums with sig. 'm' on line 2841.
.................................................
.................................................
. LaTeX info: "xparse/define-command"
. 
. Defining command \liningnums with sig. 'm' on line 2845.
.................................................
))
.................................................
. fontspec info: "no-scripts"
. 
. Font Palatino does not contain any OpenType `Script' information.
.................................................

*************************************************
* fontspec warning: "icu-feature-not-exist-in-font"
* 
* OpenType feature 'Numbers=OldStyle' (+onum) not available for font
* 'Palatino' with script '' and language ''.
*************************************************
\g__fontspec_family_Palatino_int=\count122
*************************************************
* fontspec warning: "icu-feature-not-exist-in-font"
* 
* OpenType feature 'Numbers=OldStyle' (+onum) not available for font
* 'Palatino' with script '' and language ''.
*************************************************
*************************************************
* fontspec warning: "icu-feature-not-exist-in-font"
* 
* OpenType feature 'Numbers=OldStyle' (+onum) not available for font
* 'Palatino/B' with script '' and language ''.
*************************************************
*************************************************
* fontspec warning: "icu-feature-not-exist-in-font"
* 
* OpenType feature 'Numbers=OldStyle' (+onum) not available for font
* 'Palatino/I' with script '' and language ''.
*************************************************
*************************************************
* fontspec warning: "icu-feature-not-exist-in-font"
* 
* OpenType feature 'Numbers=OldStyle' (+onum) not available for font
* 'Palatino/BI' with script '' and language ''.
*************************************************
.................................................
. fontspec info: "defining-font"
. 
. Font family 'Palatino(0)' created for font 'Palatino' with options
. [Ligatures=TeX,Ligatures=TeX,Numbers=OldStyle].
. 
. This font family consists of the following NFSS series/shapes:
. - 'normal' (m/n) with NFSS spec.:
. <->"Palatino/OT:mapping=tex-text;mapping=tex-text;"
. - 'small caps'  (m/sc) with NFSS spec.: - 'bold' (bx/n) with NFSS spec.:
. <->"Palatino/B/OT:mapping=tex-text;mapping=tex-text;"
. - 'bold small caps'  (bx/sc) with NFSS spec.: - 'italic' (m/it) with NFSS
. spec.: <->"Palatino/I/OT:mapping=tex-text;mapping=tex-text;"
. - 'italic small caps'  (m/itsc) with NFSS spec.: - 'bold italic' (bx/it)
. with NFSS spec.: <->"Palatino/BI/OT:mapping=tex-text;mapping=tex-text;"
. - 'bold italic small caps'  (bx/itsc) with NFSS spec.: 
.................................................
(./settings.layout.tex
(/usr/local/texlive/2016/texmf-dist/tex/latex/parskip/parskip.sty
Package: parskip 2001/04/09 non-zero parskip adjustments
)
(/usr/local/texlive/2016/texmf-dist/tex/latex/geometry/geometry.sty
Package: geometry 2010/09/12 v5.6 Page Geometry

(/usr/local/texlive/2016/texmf-dist/tex/generic/oberdiek/ifpdf.sty
Package: ifpdf 2016/05/14 v3.1 Provides the ifpdf switch
)
(/usr/local/texlive/2016/texmf-dist/tex/generic/oberdiek/ifvtex.sty
Package: ifvtex 2016/05/16 v1.6 Detect VTeX and its facilities (HO)
Package ifvtex Info: VTeX not detected.
)
(/usr/local/texlive/2016/texmf-dist/tex/generic/ifxetex/ifxetex.sty
Package: ifxetex 2010/09/12 v0.6 Provides ifxetex conditional
)
\Gm@cnth=\count123
\Gm@cntv=\count124
\c@Gm@tempcnt=\count125
\Gm@bindingoffset=\dimen139
\Gm@wd@mp=\dimen140
\Gm@odd@mp=\dimen141
\Gm@even@mp=\dimen142
\Gm@layoutwidth=\dimen143
\Gm@layoutheight=\dimen144
\Gm@layouthoffset=\dimen145
\Gm@layoutvoffset=\dimen146
\Gm@dimlist=\toks17
)
(/usr/local/texlive/2016/texmf-dist/tex/latex/wallpaper/wallpaper.sty
Package: wallpaper 2005/01/18, v1.01 easy wallpaper formatting (MHFW)

(/usr/local/texlive/2016/texmf-dist/tex/latex/base/ifthen.sty
Package: ifthen 2014/09/29 v1.1c Standard LaTeX ifthen package (DPC)
)
(/usr/local/texlive/2016/texmf-dist/tex/latex/tools/calc.sty
Package: calc 2014/10/28 v4.3 Infix arithmetic (KKT,FJ)
\calc@Acount=\count126
\calc@Bcount=\count127
\calc@Adimen=\dimen147
\calc@Bdimen=\dimen148
\calc@Askip=\skip49
\calc@Bskip=\skip50
LaTeX Info: Redefining \setlength on input line 80.
LaTeX Info: Redefining \addtolength on input line 81.
\calc@Ccount=\count128
\calc@Cskip=\skip51
)
(/usr/local/texlive/2016/texmf-dist/tex/latex/eso-pic/eso-pic.sty
Package: eso-pic 2015/07/21 v2.0g eso-pic (RN)

(/usr/local/texlive/2016/texmf-dist/tex/generic/oberdiek/atbegshi.sty
Package: atbegshi 2016/05/16 v1.17 At begin shipout hook (HO)
)
(/usr/local/texlive/2016/texmf-dist/tex/latex/xcolor/xcolor.sty
Package: xcolor 2016/05/11 v2.12 LaTeX color extensions (UK)

(/usr/local/texlive/2016/texmf-dist/tex/latex/graphics-cfg/color.cfg
File: color.cfg 2016/01/02 v1.6 sample color configuration
)
Package xcolor Info: Driver file: xetex.def on input line 225.
Package xcolor Info: Model `cmy' substituted by `cmy0' on input line 1348.
Package xcolor Info: Model `RGB' extended on input line 1364.
Package xcolor Info: Model `HTML' substituted by `rgb' on input line 1366.
Package xcolor Info: Model `Hsb' substituted by `hsb' on input line 1367.
Package xcolor Info: Model `tHsb' substituted by `hsb' on input line 1368.
Package xcolor Info: Model `HSB' substituted by `hsb' on input line 1369.
Package xcolor Info: Model `Gray' substituted by `gray' on input line 1370.
Package xcolor Info: Model `wave' substituted by `hsb' on input line 1371.
))
\wpXoffset=\skip52
\wpYoffset=\skip53
\tileXoffset=\skip54
\tileYoffset=\skip55
\tilewidth=\skip56
\tileheight=\skip57
\tileX=\skip58
\tileY=\skip59
)
(/usr/local/texlive/2016/texmf-dist/tex/latex/titlesec/titlesec.sty
Package: titlesec 2016/03/21 v2.10.2 Sectioning titles
\ttl@box=\box42
\beforetitleunit=\skip60
\aftertitleunit=\skip61
\ttl@plus=\dimen149
\ttl@minus=\dimen150
\ttl@toksa=\toks18
\titlewidth=\dimen151
\titlewidthlast=\dimen152
\titlewidthfirst=\dimen153
))
(./settings.general.tex
(/usr/local/texlive/2016/texmf-dist/tex/latex/sidenotes/sidenotes.sty
(/usr/local/texlive/2016/texmf-dist/tex/latex/l3packages/l3keys2e/l3keys2e.sty
Package: l3keys2e 2016/05/18 v6512 LaTeX2e option processing using LaTeX3 keys
)
Package: sidenotes 2016/04/21 v1.00 rich text in the margin for LaTeX
(/usr/local/texlive/2016/texmf-dist/tex/latex/marginnote/marginnote.sty
Package: marginnote 2012/03/29 v1.1i non floating margin notes for LaTeX
\c@mn@abspage=\count129
)
(/usr/local/texlive/2016/texmf-dist/tex/latex/caption/caption.sty
Package: caption 2016/02/21 v3.3-144 Customizing captions (AR)

(/usr/local/texlive/2016/texmf-dist/tex/latex/caption/caption3.sty
Package: caption3 2016/02/04 v1.7-139 caption3 kernel (AR)
Package caption3 Info: TeX engine: e-TeX on input line 67.
\captionmargin=\dimen154
\captionmargin@=\dimen155
\captionwidth=\dimen156
\caption@tempdima=\dimen157
\caption@indent=\dimen158
\caption@parindent=\dimen159
\caption@hangindent=\dimen160
)
\c@ContinuedFloat=\count130
)
(/usr/local/texlive/2016/texmf-dist/tex/latex/changepage/changepage.sty
Package: changepage 2009/10/20 v1.0c check page and change page layout
\c@cp@cntr=\count131
\cp@tempcnt=\count132
)
\c@sidenote=\count133
.................................................
. LaTeX info: "xparse/define-command"
. 
. Defining command \IfNoValueOrEmptyTF with sig. 'mmm' on line 34.
.................................................
.................................................
. LaTeX info: "xparse/define-command"
. 
. Defining command \@sidenotes@thesidenotemark with sig. 'm' on line 47.
.................................................
.................................................
. LaTeX info: "xparse/define-command"
. 
. Defining command \@sidenotes@multisign with sig. '' on line 48.
.................................................
.................................................
. LaTeX info: "xparse/define-command"
. 
. Defining command \@sidenotes@multimarker with sig. '' on line 53.
.................................................
.................................................
. LaTeX info: "xparse/define-command"
. 
. Defining command \@sidenotes@multichecker with sig. '' on line 59.
.................................................
.................................................
. LaTeX info: "xparse/define-command"
. 
. Defining command \@sidenotes@placemarginal with sig. 'mm' on line 65.
.................................................
.................................................
. LaTeX info: "xparse/define-command"
. 
. Defining command \sidenote with sig. 'oo+m' on line 71.
.................................................
.................................................
. LaTeX info: "xparse/define-command"
. 
. Defining command \sidenotemark with sig. 'o' on line 79.
.................................................
.................................................
. LaTeX info: "xparse/define-command"
. 
. Defining command \sidenotetext with sig. 'oo+m' on line 88.
.................................................
.................................................
. LaTeX info: "xparse/define-command"
. 
. Defining command \sidecaption with sig. 'soom' on line 107.
.................................................
\@sidenotes@marginfigurebox=\box43
.................................................
. LaTeX info: "xparse/define-environment"
. 
. Defining environment 'marginfigure' with sig. 'o' on line 120.
.................................................
\@sidenotes@margintablebox=\box44
.................................................
. LaTeX info: "xparse/define-environment"
. 
. Defining environment 'margintable' with sig. 'o' on line 133.
.................................................
.................................................
. LaTeX info: "xparse/define-environment"
. 
. Defining environment 'autoadjustwidth' with sig. 'mm' on line 156.
.................................................
.................................................
. LaTeX info: "xparse/redefine-environment"
. 
. Redefining environment 'figure*' with sig. 'O{htbp}' on line 167.
.................................................
.................................................
. LaTeX info: "xparse/redefine-environment"
. 
. Redefining environment 'table*' with sig. 'O{htbp}' on line 178.
.................................................
)
(/usr/local/texlive/2016/texmf-dist/tex/latex/mparhack/mparhack.sty
Package: mparhack 2005/04/17 v1.4 (T. Sgouros and S. Ulrich)
)
(/usr/local/texlive/2016/texmf-dist/tex/latex/perltex/perltex.sty
Package: perltex 2010/07/10 v2.1 LaTeX macros for use with PerlTeX
\plmac@perlcode=\toks19
\plmac@argnum=\count134
\plmac@outfile=\write3
)
(/usr/local/texlive/2016/texmf-dist/tex/latex/python/python.sty
Package: python 2007/06/07 v0.21 Python in LaTeX
\@out=\write4
\@module=\write5
)
(/usr/local/texlive/2016/texmf-dist/tex/latex/etoolbox/etoolbox.sty
Package: etoolbox 2015/08/02 v2.2a e-TeX tools for LaTeX (JAW)
\etb@tempcnta=\count135
)
(/usr/local/texlive/2016/texmf-dist/tex/latex/tools/multicol.sty
Package: multicol 2016/04/07 v1.8p multicolumn formatting (FMi)
\c@tracingmulticols=\count136
\mult@box=\box45
\multicol@leftmargin=\dimen161
\c@unbalance=\count137
\c@collectmore=\count138
\doublecol@number=\count139
\multicoltolerance=\count140
\multicolpretolerance=\count141
\full@width=\dimen162
\page@free=\dimen163
\premulticols=\dimen164
\postmulticols=\dimen165
\multicolsep=\skip62
\multicolbaselineskip=\skip63
\partial@page=\box46
\last@line=\box47
\maxbalancingoverflow=\dimen166
\mult@rightbox=\box48
\mult@grightbox=\box49
\mult@gfirstbox=\box50
\mult@firstbox=\box51
\@tempa=\box52
\@tempa=\box53
\@tempa=\box54
\@tempa=\box55
\@tempa=\box56
\@tempa=\box57
\@tempa=\box58
\@tempa=\box59
\@tempa=\box60
\@tempa=\box61
\@tempa=\box62
\@tempa=\box63
\@tempa=\box64
\@tempa=\box65
\@tempa=\box66
\@tempa=\box67
\@tempa=\box68
\c@columnbadness=\count142
\c@finalcolumnbadness=\count143
\last@try=\dimen167
\multicolovershoot=\dimen168
\multicolundershoot=\dimen169
\mult@nat@firstbox=\box69
\colbreak@box=\box70
\mc@col@check@num=\count144
)
(/usr/local/texlive/2016/texmf-dist/tex/latex/hyperref/hyperref.sty
Package: hyperref 2016/05/05 v6.83n Hypertext links for LaTeX

(/usr/local/texlive/2016/texmf-dist/tex/generic/oberdiek/hobsub-hyperref.sty
Package: hobsub-hyperref 2016/05/16 v1.14 Bundle oberdiek, subset hyperref (HO)


(/usr/local/texlive/2016/texmf-dist/tex/generic/oberdiek/hobsub-generic.sty
Package: hobsub-generic 2016/05/16 v1.14 Bundle oberdiek, subset generic (HO)
Package: hobsub 2016/05/16 v1.14 Construct package bundles (HO)
Package hobsub Info: Skipping package `infwarerr' (already loaded).
Package hobsub Info: Skipping package `ltxcmds' (already loaded).
Package: ifluatex 2016/05/16 v1.4 Provides the ifluatex switch (HO)
Package ifluatex Info: LuaTeX not detected.
Package hobsub Info: Skipping package `ifvtex' (already loaded).
Package: intcalc 2016/05/16 v1.2 Expandable calculations with integers (HO)
Package hobsub Info: Skipping package `ifpdf' (already loaded).
Package: etexcmds 2016/05/16 v1.6 Avoid name clashes with e-TeX commands (HO)
Package etexcmds Info: Could not find \expanded.
(etexcmds)             That can mean that you are not using pdfTeX 1.50 or
(etexcmds)             that some package has redefined \expanded.
(etexcmds)             In the latter case, load this package earlier.
Package: kvsetkeys 2016/05/16 v1.17 Key value parser (HO)
Package: kvdefinekeys 2016/05/16 v1.4 Define keys (HO)
Package: pdftexcmds 2016/05/10 v0.21 Utility functions of pdfTeX for LuaTeX (HO
)
Package pdftexcmds Info: LuaTeX not detected.
Package pdftexcmds Info: pdfTeX >= 1.30 not detected.
Package pdftexcmds Info: \pdf@primitive is available.
Package pdftexcmds Info: \pdf@ifprimitive is available.
Package pdftexcmds Info: \pdfdraftmode not found.
Package: pdfescape 2016/05/16 v1.14 Implements pdfTeX's escape features (HO)
Package: bigintcalc 2016/05/16 v1.4 Expandable calculations on big integers (HO
)
Package: bitset 2016/05/16 v1.2 Handle bit-vector datatype (HO)
Package: uniquecounter 2016/05/16 v1.3 Provide unlimited unique counter (HO)
)
Package hobsub Info: Skipping package `hobsub' (already loaded).
Package: letltxmacro 2016/05/16 v1.5 Let assignment for LaTeX macros (HO)
Package: hopatch 2016/05/16 v1.3 Wrapper for package hooks (HO)
Package: xcolor-patch 2016/05/16 xcolor patch
Package: atveryend 2016/05/16 v1.9 Hooks at the very end of document (HO)
Package hobsub Info: Skipping package `atbegshi' (already loaded).
Package: refcount 2016/05/16 v3.5 Data extraction from label references (HO)
Package: hycolor 2016/05/16 v1.8 Color options for hyperref/bookmark (HO)
)
(/usr/local/texlive/2016/texmf-dist/tex/latex/oberdiek/auxhook.sty
Package: auxhook 2016/05/16 v1.4 Hooks for auxiliary files (HO)
)
(/usr/local/texlive/2016/texmf-dist/tex/latex/oberdiek/kvoptions.sty
Package: kvoptions 2016/05/16 v3.12 Key value format for package options (HO)
)
\@linkdim=\dimen170
\Hy@linkcounter=\count145
\Hy@pagecounter=\count146

(/usr/local/texlive/2016/texmf-dist/tex/latex/hyperref/pd1enc.def
File: pd1enc.def 2016/05/05 v6.83n Hyperref: PDFDocEncoding definition (HO)
)
\Hy@SavedSpaceFactor=\count147

(/usr/local/texlive/2016/texmf-dist/tex/latex/latexconfig/hyperref.cfg
File: hyperref.cfg 2002/06/06 v1.2 hyperref configuration of TeXLive
)
Package hyperref Info: Hyper figures OFF on input line 4446.
Package hyperref Info: Link nesting OFF on input line 4451.
Package hyperref Info: Hyper index ON on input line 4454.
Package hyperref Info: Plain pages OFF on input line 4461.
Package hyperref Info: Backreferencing OFF on input line 4466.
Package hyperref Info: Implicit mode ON; LaTeX internals redefined.
Package hyperref Info: Bookmarks ON on input line 4691.
\c@Hy@tempcnt=\count148

(/usr/local/texlive/2016/texmf-dist/tex/latex/url/url.sty
\Urlmuskip=\muskip16
Package: url 2013/09/16  ver 3.4  Verb mode for urls, etc.
)
LaTeX Info: Redefining \url on input line 5044.
\XeTeXLinkMargin=\dimen171
\Fld@menulength=\count149
\Field@Width=\dimen172
\Fld@charsize=\dimen173
Package hyperref Info: Hyper figures OFF on input line 6298.
Package hyperref Info: Link nesting OFF on input line 6303.
Package hyperref Info: Hyper index ON on input line 6306.
Package hyperref Info: backreferencing OFF on input line 6313.
Package hyperref Info: Link coloring OFF on input line 6318.
Package hyperref Info: Link coloring with OCG OFF on input line 6323.
Package hyperref Info: PDF/A mode OFF on input line 6328.
LaTeX Info: Redefining \ref on input line 6368.
LaTeX Info: Redefining \pageref on input line 6372.
\Hy@abspage=\count150
\c@Item=\count151
\c@Hfootnote=\count152
)

Package hyperref Message: Driver (autodetected): hxetex.

(/usr/local/texlive/2016/texmf-dist/tex/latex/hyperref/hxetex.def
File: hxetex.def 2016/05/05 v6.83n Hyperref driver for XeTeX

(/usr/local/texlive/2016/texmf-dist/tex/latex/hyperref/puenc.def
File: puenc.def 2016/05/05 v6.83n Hyperref: PDF Unicode definition (HO)
)
(/usr/local/texlive/2016/texmf-dist/tex/generic/oberdiek/stringenc.sty
Package: stringenc 2016/05/16 v1.11 Convert strings between diff. encodings (HO
)
)
\pdfm@box=\box71
\c@Hy@AnnotLevel=\count153
\HyField@AnnotCount=\count154
\Fld@listcount=\count155
\c@bookmark@seq@number=\count156

(/usr/local/texlive/2016/texmf-dist/tex/latex/oberdiek/rerunfilecheck.sty
Package: rerunfilecheck 2016/05/16 v1.8 Rerun checks for auxiliary files (HO)
Package rerunfilecheck Info: Feature \pdfmdfivesum is not available
(rerunfilecheck)             (e.g. pdfTeX or LuaTeX with package `pdftexcmds').

(rerunfilecheck)             Therefore file contents cannot be checked efficien
tly
(rerunfilecheck)             and the loading of the package is aborted.
)
\Hy@SectionHShift=\skip64
)
(./coursesettings.tex
\openout3 = `pocsbook.topl'.

\openout3 = `pocsbook.tfpl'.

 (./pocsbook.pipe)
\openout3 = `pocsbook.topl'.

 (./pocsbook.pipe) (./pocsbook.frpl)
\openout3 = `pocsbook.topl'.

\openout3 = `pocsbook.tfpl'.


(./pocsbook.pipe)
\openout3 = `pocsbook.topl'.

 (./pocsbook.pipe) (./pocsbook.frpl))
(/usr/local/texlive/2016/texmf-dist/tex/latex/oberdiek/grffile.sty
Package: grffile 2016/05/16 v1.17 Extended file name support for graphics (HO)
Package grffile Info: \Gread@QTm patched on input line 253.
Package grffile Info: \Gread@eps patched on input line 303.
Package grffile Info: Option `multidot' is set to `true'.
Package grffile Info: Option `extendedchars' is set to `false'.
Package grffile Info: Option `space' is set to `true'.
Package grffile Info: \Gin@ii of package `graphicx' fixed on input line 486.
)
(/usr/local/texlive/2016/texmf-dist/tex/latex/ifsym/ifsym.sty
Package: ifsym 2000/04/18 I.Kloeckl
\c@ifsymcnt=\count157
)
(/usr/local/texlive/2016/texmf-dist/tex/generic/ulem/ulem.sty
\UL@box=\box72
\UL@hyphenbox=\box73
\UL@skip=\skip65
\UL@hook=\toks20
\UL@height=\dimen174
\UL@pe=\count158
\UL@pixel=\dimen175
\ULC@box=\box74
Package: ulem 2012/05/18
\ULdepth=\dimen176
)
(/usr/local/texlive/2016/texmf-dist/tex/latex/tools/array.sty
Package: array 2014/10/28 v2.4c Tabular extension package (FMi)
\col@sep=\dimen177
\extrarowheight=\dimen178
\NC@list=\toks21
\extratabsurround=\skip66
\backup@length=\skip67
)
(/usr/local/texlive/2016/texmf-dist/tex/latex/cancel/cancel.sty
Package: cancel 2013/04/12 v2.2 Cancel math terms
)
(/usr/local/texlive/2016/texmf-dist/tex/latex/graphics/epsfig.sty
Package: epsfig 1999/02/16 v1.7a (e)psfig emulation (SPQR)
\epsfxsize=\dimen179
\epsfysize=\dimen180
)
(/usr/local/texlive/2016/texmf-dist/tex/latex/rotating/rotating.sty
Package: rotating 2009/03/28 v2.16a rotated objects in LaTeX
\c@r@tfl@t=\count159
\rotFPtop=\skip68
\rotFPbot=\skip69
\rot@float@box=\box75
\rot@mess@toks=\toks22
)
(/usr/local/texlive/2016/texmf-dist/tex/latex/amsmath/amsmath.sty
Package: amsmath 2016/03/10 v2.15b AMS math features
\@mathmargin=\skip70

For additional information on amsmath, use the `?' option.
(/usr/local/texlive/2016/texmf-dist/tex/latex/amsmath/amstext.sty
Package: amstext 2000/06/29 v2.01 AMS text

(/usr/local/texlive/2016/texmf-dist/tex/latex/amsmath/amsgen.sty
File: amsgen.sty 1999/11/30 v2.0 generic functions
\@emptytoks=\toks23
\ex@=\dimen181
))
(/usr/local/texlive/2016/texmf-dist/tex/latex/amsmath/amsbsy.sty
Package: amsbsy 1999/11/29 v1.2d Bold Symbols
\pmbraise@=\dimen182
)
(/usr/local/texlive/2016/texmf-dist/tex/latex/amsmath/amsopn.sty
Package: amsopn 2016/03/08 v2.02 operator names
)
\inf@bad=\count160
LaTeX Info: Redefining \frac on input line 199.
\uproot@=\count161
\leftroot@=\count162
LaTeX Info: Redefining \overline on input line 297.
\classnum@=\count163
\DOTSCASE@=\count164
LaTeX Info: Redefining \ldots on input line 394.
LaTeX Info: Redefining \dots on input line 397.
LaTeX Info: Redefining \cdots on input line 518.
\Mathstrutbox@=\box76
\strutbox@=\box77
\big@size=\dimen183
LaTeX Font Info:    Redeclaring font encoding OML on input line 634.
LaTeX Font Info:    Redeclaring font encoding OMS on input line 635.
\macc@depth=\count165
\c@MaxMatrixCols=\count166
\dotsspace@=\muskip17
\c@parentequation=\count167
\dspbrk@lvl=\count168
\tag@help=\toks24
\row@=\count169
\column@=\count170
\maxfields@=\count171
\andhelp@=\toks25
\eqnshift@=\dimen184
\alignsep@=\dimen185
\tagshift@=\dimen186
\tagwidth@=\dimen187
\totwidth@=\dimen188
\lineht@=\dimen189
\@envbody=\toks26
\multlinegap=\skip71
\multlinetaggap=\skip72
\mathdisplay@stack=\toks27
LaTeX Info: Redefining \[ on input line 2739.
LaTeX Info: Redefining \] on input line 2740.
)
(/usr/local/texlive/2016/texmf-dist/tex/latex/amsfonts/amssymb.sty
Package: amssymb 2013/01/14 v3.01 AMS font symbols

(/usr/local/texlive/2016/texmf-dist/tex/latex/amsfonts/amsfonts.sty
Package: amsfonts 2013/01/14 v3.01 Basic AMSFonts support
\symAMSa=\mathgroup4
\symAMSb=\mathgroup5
LaTeX Font Info:    Overwriting math alphabet `\mathfrak' in version `bold'
(Font)                  U/euf/m/n --> U/euf/b/n on input line 106.
))
(/usr/local/texlive/2016/texmf-dist/tex/latex/stmaryrd/stmaryrd.sty
Package: stmaryrd 1994/03/03 St Mary's Road symbol package
\symstmry=\mathgroup6
LaTeX Font Info:    Overwriting symbol font `stmry' in version `bold'
(Font)                  U/stmry/m/n --> U/stmry/b/n on input line 89.
)
(/usr/local/texlive/2016/texmf-dist/tex/latex/tools/verbatim.sty
Package: verbatim 2014/10/28 v1.5q LaTeX2e package for verbatim enhancements
\every@verbatim=\toks28
\verbatim@line=\toks29
\verbatim@in@stream=\read2
)
(/usr/local/texlive/2016/texmf-dist/tex/latex/psnfss/pifont.sty
Package: pifont 2005/04/12 PSNFSS-v9.2a Pi font support (SPQR) 
LaTeX Font Info:    Try loading font information for U+pzd on input line 63.

(/usr/local/texlive/2016/texmf-dist/tex/latex/psnfss/upzd.fd
File: upzd.fd 2001/06/04 font definitions for U/pzd.
)
LaTeX Font Info:    Try loading font information for U+psy on input line 64.

(/usr/local/texlive/2016/texmf-dist/tex/latex/psnfss/upsy.fd
File: upsy.fd 2001/06/04 font definitions for U/psy.
))
(/usr/local/texlive/2016/texmf-dist/tex/latex/marvosym/marvosym.sty
Package: marvosym 2011/07/20 v2.2 Martin Vogel's Symbols font definitions
)
(/usr/local/texlive/2016/texmf-dist/tex/latex/fontawesome/fontawesome.sty
Package: fontawesome 2016/05/15 v4.6.3.1 font awesome icons

(/usr/local/texlive/2016/texmf-dist/tex/latex/fontawesome/fontawesomesymbols-ge
neric.tex)
.................................................
. fontspec info: "no-scripts"
. 
. Font FontAwesome does not contain any OpenType `Script' information.
.................................................
\g__fontspec_family_FontAwesome_int=\count172
.................................................
. fontspec info: "no-font-shape"
. 
. Could not resolve font FontAwesome/BI (it probably doesn't exist).
.................................................
.................................................
. fontspec info: "no-font-shape"
. 
. Could not resolve font FontAwesome/B (it probably doesn't exist).
.................................................
.................................................
. fontspec info: "no-font-shape"
. 
. Could not resolve font FontAwesome/I (it probably doesn't exist).
.................................................
.................................................
. fontspec info: "defining-font"
. 
. Font family 'FontAwesome(0)' created for font 'FontAwesome' with options [].
. 
. This font family consists of the following NFSS series/shapes:
. - 'normal' (m/n) with NFSS spec.: <->"FontAwesome/AAT:"
. - 'small caps'  (m/sc) with NFSS spec.: 
.................................................

(/usr/local/texlive/2016/texmf-dist/tex/latex/fontawesome/fontawesomesymbols-xe
luatex.tex)) (/Users/dodds/tex-archive/packages/citesupernumberbracket.sty)
\c@question=\count173
\openout3 = `pocsbook.topl'.

\openout3 = `pocsbook.tfpl'.


(./pocsbook.pipe)
\openout3 = `pocsbook.topl'.

 (./pocsbook.pipe) (./pocsbook.frpl)
\openout3 = `pocsbook.topl'.

\openout3 = `pocsbook.tfpl'.

 (./pocsbook.pipe)
\openout3 = `pocsbook.topl'.


(./pocsbook.pipe) (./pocsbook.frpl)
\openout3 = `pocsbook.topl'.

\openout3 = `pocsbook.tfpl'.

 (./pocsbook.pipe)
\openout3 = `pocsbook.topl'.

 (./pocsbook.pipe)
(./pocsbook.frpl)
\openout3 = `pocsbook.topl'.

\openout3 = `pocsbook.tfpl'.

 (./pocsbook.pipe)
\openout3 = `pocsbook.topl'.

 (./pocsbook.pipe) (./pocsbook.frpl)
\openout3 = `pocsbook.topl'.

\openout3 = `pocsbook.tfpl'.


(./pocsbook.pipe)
\openout3 = `pocsbook.topl'.

 (./pocsbook.pipe) (./pocsbook.frpl)
\openout3 = `pocsbook.topl'.

\openout3 = `pocsbook.tfpl'.

 (./pocsbook.pipe)
\openout3 = `pocsbook.topl'.


(./pocsbook.pipe) (./pocsbook.frpl)
\openout3 = `pocsbook.topl'.

\openout3 = `pocsbook.tfpl'.

 (./pocsbook.pipe)
\openout3 = `pocsbook.topl'.

 (./pocsbook.pipe)
(./pocsbook.frpl)
\openout3 = `pocsbook.topl'.

\openout3 = `pocsbook.tfpl'.

 (./pocsbook.pipe)
\openout3 = `pocsbook.topl'.

 (./pocsbook.pipe) (./pocsbook.frpl)
\openout3 = `pocsbook.topl'.

\openout3 = `pocsbook.tfpl'.


(./pocsbook.pipe)
\openout3 = `pocsbook.topl'.

 (./pocsbook.pipe) (./pocsbook.frpl)
\openout3 = `pocsbook.topl'.

\openout3 = `pocsbook.tfpl'.

 (./pocsbook.pipe)
\openout3 = `pocsbook.topl'.


(./pocsbook.pipe) (./pocsbook.frpl)
\openout3 = `pocsbook.topl'.

\openout3 = `pocsbook.tfpl'.

 (./pocsbook.pipe)
\openout3 = `pocsbook.topl'.

 (./pocsbook.pipe)
(./pocsbook.frpl)
\openout3 = `pocsbook.topl'.

\openout3 = `pocsbook.tfpl'.

 (./pocsbook.pipe)
\openout3 = `pocsbook.topl'.

 (./pocsbook.pipe) (./pocsbook.frpl))
(./settings.matrices.tex) (./settings.specific.tex)
(/usr/local/texlive/2016/texmf-dist/tex/latex/currfile/currfile.sty
Package: currfile 2015/04/23 v0.7c Provides the file path elements of the curre
nt input file

(/usr/local/texlive/2016/texmf-dist/tex/latex/filehook/filehook.sty
Package: filehook 2011/10/12 v0.5d Hooks for input files
)
\c@currfiledepth=\count174
)
(./pocsbook.aux

LaTeX Warning: Label `ch:pocsbook.introduction' multiply defined.

)
\openout1 = `pocsbook.aux'.

LaTeX Font Info:    Checking defaults for OML/cmm/m/it on input line 28.
LaTeX Font Info:    ... okay on input line 28.
LaTeX Font Info:    Checking defaults for T1/cmr/m/n on input line 28.
LaTeX Font Info:    ... okay on input line 28.
LaTeX Font Info:    Checking defaults for OT1/cmr/m/n on input line 28.
LaTeX Font Info:    ... okay on input line 28.
LaTeX Font Info:    Checking defaults for OMS/cmsy/m/n on input line 28.
LaTeX Font Info:    ... okay on input line 28.
LaTeX Font Info:    Checking defaults for OMX/cmex/m/n on input line 28.
LaTeX Font Info:    ... okay on input line 28.
LaTeX Font Info:    Checking defaults for U/cmr/m/n on input line 28.
LaTeX Font Info:    ... okay on input line 28.
LaTeX Font Info:    Checking defaults for EU1/lmr/m/n on input line 28.
LaTeX Font Info:    ... okay on input line 28.
LaTeX Font Info:    Checking defaults for T3/cmr/m/n on input line 28.
LaTeX Font Info:    Try loading font information for T3+cmr on input line 28.
 (/usr/local/texlive/2016/texmf-dist/tex/latex/tipa/t3cmr.fd
File: t3cmr.fd 2001/12/31 TIPA font definitions
)
LaTeX Font Info:    ... okay on input line 28.
LaTeX Font Info:    Checking defaults for PD1/pdf/m/n on input line 28.
LaTeX Font Info:    ... okay on input line 28.
LaTeX Font Info:    Checking defaults for PU/pdf/m/n on input line 28.
LaTeX Font Info:    ... okay on input line 28.
.................................................
. fontspec info: "setup-math"
. 
. Adjusting the maths setup (use [no-math] to avoid this).
.................................................
\symlegacymaths=\mathgroup7
LaTeX Font Info:    Overwriting symbol font `legacymaths' in version `bold'
(Font)                  OT1/cmr/m/n --> OT1/cmr/bx/n on input line 28.
LaTeX Font Info:    Redeclaring math accent \acute on input line 28.
LaTeX Font Info:    Redeclaring math accent \grave on input line 28.
LaTeX Font Info:    Redeclaring math accent \ddot on input line 28.
LaTeX Font Info:    Redeclaring math accent \tilde on input line 28.
LaTeX Font Info:    Redeclaring math accent \bar on input line 28.
LaTeX Font Info:    Redeclaring math accent \breve on input line 28.
LaTeX Font Info:    Redeclaring math accent \check on input line 28.
LaTeX Font Info:    Redeclaring math accent \hat on input line 28.
LaTeX Font Info:    Redeclaring math accent \dot on input line 28.
LaTeX Font Info:    Redeclaring math accent \mathring on input line 28.
LaTeX Font Info:    Redeclaring math symbol \Gamma on input line 28.
LaTeX Font Info:    Redeclaring math symbol \Delta on input line 28.
LaTeX Font Info:    Redeclaring math symbol \Theta on input line 28.
LaTeX Font Info:    Redeclaring math symbol \Lambda on input line 28.
LaTeX Font Info:    Redeclaring math symbol \Xi on input line 28.
LaTeX Font Info:    Redeclaring math symbol \Pi on input line 28.
LaTeX Font Info:    Redeclaring math symbol \Sigma on input line 28.
LaTeX Font Info:    Redeclaring math symbol \Upsilon on input line 28.
LaTeX Font Info:    Redeclaring math symbol \Phi on input line 28.
LaTeX Font Info:    Redeclaring math symbol \Psi on input line 28.
LaTeX Font Info:    Redeclaring math symbol \Omega on input line 28.
LaTeX Font Info:    Redeclaring math symbol \mathdollar on input line 28.
LaTeX Font Info:    Redeclaring symbol font `operators' on input line 28.
LaTeX Font Info:    Encoding `OT1' has changed to `EU1' for symbol font
(Font)              `operators' in the math version `normal' on input line 28.
LaTeX Font Info:    Overwriting symbol font `operators' in version `normal'
(Font)                  OT1/cmr/m/n --> EU1/Palatino(0)/m/n on input line 28.
LaTeX Font Info:    Encoding `OT1' has changed to `EU1' for symbol font
(Font)              `operators' in the math version `bold' on input line 28.
LaTeX Font Info:    Overwriting symbol font `operators' in version `bold'
(Font)                  OT1/cmr/bx/n --> EU1/Palatino(0)/m/n on input line 28.
LaTeX Font Info:    Overwriting symbol font `operators' in version `normal'
(Font)                  EU1/Palatino(0)/m/n --> EU1/Palatino(0)/m/n on input li
ne 28.
LaTeX Font Info:    Overwriting math alphabet `\mathit' in version `normal'
(Font)                  OT1/cmr/m/it --> EU1/Palatino(0)/m/it on input line 28.

LaTeX Font Info:    Overwriting math alphabet `\mathbf' in version `normal'
(Font)                  OT1/cmr/bx/n --> EU1/Palatino(0)/bx/n on input line 28.

LaTeX Font Info:    Overwriting math alphabet `\mathsf' in version `normal'
(Font)                  OT1/cmss/m/n --> EU1/lmss/m/n on input line 28.
LaTeX Font Info:    Overwriting math alphabet `\mathtt' in version `normal'
(Font)                  OT1/cmtt/m/n --> EU1/lmtt/m/n on input line 28.
LaTeX Font Info:    Overwriting symbol font `operators' in version `bold'
(Font)                  EU1/Palatino(0)/m/n --> EU1/Palatino(0)/bx/n on input l
ine 28.
LaTeX Font Info:    Overwriting math alphabet `\mathit' in version `bold'
(Font)                  OT1/cmr/bx/it --> EU1/Palatino(0)/bx/it on input line 2
8.
LaTeX Font Info:    Overwriting math alphabet `\mathsf' in version `bold'
(Font)                  OT1/cmss/bx/n --> EU1/lmss/bx/n on input line 28.
LaTeX Font Info:    Overwriting math alphabet `\mathtt' in version `bold'
(Font)                  OT1/cmtt/m/n --> EU1/lmtt/bx/n on input line 28.

*geometry* driver: auto-detecting
*geometry* detected driver: xetex
*geometry* verbose mode - [ preamble ] result:
* driver: xetex
* paper: letterpaper
* layout: <same size as paper>
* layoutoffset:(h,v)=(0.0pt,0.0pt)
* modes: includemp twoside asymmetric 
* h-part:(L,W,R)=(72.26999pt, 479.30121pt, 62.7238pt)
* v-part:(T,H,B)=(57.81598pt, 650.43pt, 86.72401pt)
* \paperwidth=614.295pt
* \paperheight=794.96999pt
* \textwidth=310.76122pt
* \textheight=650.43pt
* \oddsidemargin=0.0pt
* \evensidemargin=0.0pt
* \topmargin=-44.5215pt
* \headheight=12.0pt
* \headsep=18.06749pt
* \topskip=10.0pt
* \footskip=25.29494pt
* \marginparwidth=144.54pt
* \marginparsep=24.0pt
* \columnsep=10.0pt
* \skip\footins=9.0pt plus 4.0pt minus 2.0pt
* \hoffset=0.0pt
* \voffset=0.0pt
* \mag=1000
* \@twocolumnfalse
* \@twosidetrue
* \@mparswitchfalse
* \@reversemarginfalse
* (1in=72.27pt=25.4mm, 1cm=28.453pt)

\AtBeginShipoutBox=\box78
Package marginnote Info: \pdfoutput not 0 and \pdflastxpos available.
(marginnote)             Extended position detection mode activated.
Package caption Info: Begin \AtBeginDocument code.
Package caption Info: hyperref package is loaded.
Package caption Info: rotating package is loaded.
Package caption Info: End \AtBeginDocument code.
\@sidenotes@extrawidth=\skip73
Package hyperref Info: Link coloring OFF on input line 28.
(/usr/local/texlive/2016/texmf-dist/tex/latex/hyperref/nameref.sty
Package: nameref 2012/10/27 v2.43 Cross-referencing by name of section

(/usr/local/texlive/2016/texmf-dist/tex/generic/oberdiek/gettitlestring.sty
Package: gettitlestring 2016/05/16 v1.5 Cleanup title references (HO)
)
\c@section@level=\count175
)
LaTeX Info: Redefining \ref on input line 28.
LaTeX Info: Redefining \pageref on input line 28.
LaTeX Info: Redefining \nameref on input line 28.

(./pocsbook.out) (./pocsbook.out)
\@outlinefile=\write6
\openout6 = `pocsbook.out'.

 (./pocsbook.author.tex) (./pocsbook.abs.tex)
LaTeX Font Info:    Font shape `EU1/Palatino(0)/m/sl' in size <10> not availabl
e
(Font)              Font shape `EU1/Palatino(0)/m/it' tried instead on input li
ne 45.

(/usr/local/texlive/2016/texmf-dist/tex/generic/oberdiek/se-ascii-print.def
File: se-ascii-print.def 2016/05/16 v1.11 stringenc: Printable ASCII characters

)
[1

] [2

] (./pocsbook.title.tex)
LaTeX Font Info:    Try loading font information for U+msa on input line 45.

(/usr/local/texlive/2016/texmf-dist/tex/latex/amsfonts/umsa.fd
File: umsa.fd 2013/01/14 v3.01 AMS symbols A
)
LaTeX Font Info:    Try loading font information for U+msb on input line 45.

(/usr/local/texlive/2016/texmf-dist/tex/latex/amsfonts/umsb.fd
File: umsb.fd 2013/01/14 v3.01 AMS symbols B
)
LaTeX Font Info:    Try loading font information for U+stmry on input line 45.

(/usr/local/texlive/2016/texmf-dist/tex/latex/stmaryrd/Ustmry.fd)

LaTeX Warning: No \author given.

[1] (./pocsbook.acknowledgments.tex) (./pocsbook.body.tex
Overfull \hbox (4.50574pt too wide) in paragraph at lines 1--4
[]\EU1/Palatino(0)/m/n/10 Inspiration: On Growth and Form: http://www.nature.co
m/news/the-
 []


Overfull \hbox (11.80226pt too wide) in paragraph at lines 1--4
\EU1/Palatino(0)/m/n/10 100-year-old-challenge-to-darwin-that-is-still-making-w
aves-in-research-
 []

LaTeX Font Info:    Try loading font information for EU1+lmtt on input line 38.

(/usr/local/texlive/2016/texmf-dist/tex/latex/euenc/eu1lmtt.fd
File: eu1lmtt.fd 2009/10/30 v1.6 Font defs for Latin Modern
)
Overfull \hbox (31.48878pt too wide) in paragraph at lines 37--41
[][][] [] [][][] [] [][][][][][][] [] [][][][][][][][] [] [][][][][][][] [] [][
][][][][][][][][][][][][][][] [] [][][][][][][] [] [][][][][][][][] []
 []


Overfull \hbox (11.77852pt too wide) in paragraph at lines 37--41
[][][][] [] [][][][][][][][][][][][][]$[] \EU1/Palatino(0)/m/n/10 and on youtub
e: []$[][][][][] [] [] [] [][][] [] [][][][][][][] [] [][][] [] [][][][][] []
 []


Overfull \hbox (40.98878pt too wide) in paragraph at lines 42--44
[][][][][][][] [] [][][][][][][][][][][][][][][][] [] [][][][][][][] [] [][][][
][][][][] [] [][][][] [] [][][][][][][][][][][][][][][][][]$[] 
 []

[2]
Overfull \hbox (201.98878pt too wide) in paragraph at lines 127--129
[][]$[][][][] [] [] [] [][][] [] [][][][][][][][][][][] [] [][][] [] [][][][][]
 [] [][][][] [] [][][] [] [][] [] [][][][][][][][][][][][][][][][][][][][][][][
][][][][][][][][][][][][][][][][][][][][][][][][][][][][][][][][][][][][]$[]
 []

[3]
File: tarot-card-overview.jpg Graphic file (type QTm)
 <use  "tarot-card-overview.jpg" > [4


]
Chapter 1.
(./chapters/pocs-overview.body.tex
Overfull \hbox (4.78946pt too wide) in paragraph at lines 11--14
[][]$[][][][] [] [] [] [][][] [] [][][] [] [][][] [] [][][][][][][] [] [][][][]
[][][][] [] [][][][][][][] [] [][][][][][][][][][][][][][][][]$\EU1/FontAwesome
(0)/m/n/9 [][] 
 []


Overfull \hbox (7.14737pt too wide) in paragraph at lines 21--24
[]\EU1/Palatino(0)/m/n/10 Principles of Complex Systems is one of two core requ
irements for UVMs
 []

[5]
Overfull \hbox (5.61957pt too wide) in paragraph at lines 88--92
[][]\EU1/Palatino(0)/m/n/10 Projects/talks (36%)[]Students will work on semest
er-long projects. Stu-
 []


Overfull \hbox (4.12166pt too wide) in paragraph at lines 178--183
[]\EU1/Palatino(0)/m/n/10 Elements: Scaling, Surprise, Networks, Robustness, Fa
ilure, and Spread-
 []

[6]
Overfull \hbox (1.03375pt too wide) in paragraph at lines 206--207
[]\EU1/Palatino(0)/m/n/10 Scaling of social phenomena: crime, creativity, and c
onsumption. 
 []

[7] [8]
Overfull \hbox (17.33917pt too wide) in paragraph at lines 434--437
[]\EU1/Palatino(0)/m/n/5 Academic output (journal papers) resulting from Princi
ples of Complex Systems and Complex Networks can be found [][]|   []\EU1/FontAw
esome(0)/m/n/5 [][]\EU1/Palatino(0)/m/n/5 . Add more! 
 []

\openout3 = `pocsbook.topl'.

\openout3 = `pocsbook.tfpl'.

(./pocsbook.pipe)
\openout3 = `pocsbook.topl'.

 (./pocsbook.pipe) (./pocsbook.frpl)
\openout3 = `pocsbook.topl'.

\openout3 = `pocsbook.tfpl'.

 (./pocsbook.pipe)
\openout3 = `pocsbook.topl'.


(./pocsbook.pipe) (./pocsbook.frpl
File: 0671872346.01.LZZZZZZZ.jpg Graphic file (type QTm)
 <use  "0671872346.01.LZZZZZZZ.jpg" >

Package hyperref Warning: Suppressing link with empty target on input line 10.

)
File: andrew-morokoff.jpg Graphic file (type QTm)
 <use  "andrew-morokoff.jpg" >

LaTeX Warning: Marginpar on page 9 moved.

\openout3 = `pocsbook.topl'.

\openout3 = `pocsbook.tfpl'.

(./pocsbook.pipe)
\openout3 = `pocsbook.topl'.

 (./pocsbook.pipe) (./pocsbook.frpl)
\openout3 = `pocsbook.topl'.

\openout3 = `pocsbook.tfpl'.

 (./pocsbook.pipe)
\openout3 = `pocsbook.topl'.


(./pocsbook.pipe) (./pocsbook.frpl
File: 1851686304.01.LZZZZZZZ.jpg Graphic file (type QTm)
 <use  "1851686304.01.LZZZZZZZ.jpg" >

Package hyperref Warning: Suppressing link with empty target on input line 10.

)
\openout3 = `pocsbook.topl'.

\openout3 = `pocsbook.tfpl'.

 (./pocsbook.pipe)
\openout3 = `pocsbook.topl'.

 (./pocsbook.pipe) (./pocsbook.frpl)
\openout3 = `pocsbook.topl'.

\openout3 = `pocsbook.tfpl'.

 (./pocsbook.pipe)
\openout3 = `pocsbook.topl'.


(./pocsbook.pipe) (./pocsbook.frpl

LaTeX Warning: Marginpar on page 9 moved.

File: 0195124413.01.LZZZZZZZ.jpg Graphic file (type QTm)
<use  "0195124413.01.LZZZZZZZ.jpg" >

Package hyperref Warning: Suppressing link with empty target on input line 10.

)
\openout3 = `pocsbook.topl'.

\openout3 = `pocsbook.tfpl'.

 (./pocsbook.pipe)
\openout3 = `pocsbook.topl'.

 (./pocsbook.pipe) (./pocsbook.frpl)
\openout3 = `pocsbook.topl'.

\openout3 = `pocsbook.tfpl'.

 (./pocsbook.pipe)
\openout3 = `pocsbook.topl'.


(./pocsbook.pipe) (./pocsbook.frpl

LaTeX Warning: Marginpar on page 9 moved.

File: 1400096235.01.LZZZZZZZ.jpg Graphic file (type QTm)
<use  "1400096235.01.LZZZZZZZ.jpg" >

Package hyperref Warning: Suppressing link with empty target on input line 10.

)

LaTeX Warning: Marginpar on page 9 moved.

\openout3 = `pocsbook.topl'.

\openout3 = `pocsbook.tfpl'.

(./pocsbook.pipe)
\openout3 = `pocsbook.topl'.

 (./pocsbook.pipe) (./pocsbook.frpl)
\openout3 = `pocsbook.topl'.

\openout3 = `pocsbook.tfpl'.

 (./pocsbook.pipe)
\openout3 = `pocsbook.topl'.


(./pocsbook.pipe) (./pocsbook.frpl
File: 161427312X.01.LZZZZZZZ.jpg Graphic file (type QTm)
 <use  "161427312X.01.LZZZZZZZ.jpg" >

Package hyperref Warning: Suppressing link with empty target on input line 10.

)
\openout3 = `pocsbook.topl'.

\openout3 = `pocsbook.tfpl'.

 (./pocsbook.pipe)
\openout3 = `pocsbook.topl'.

 (./pocsbook.pipe) (./pocsbook.frpl)
\openout3 = `pocsbook.topl'.

\openout3 = `pocsbook.tfpl'.

 (./pocsbook.pipe)
\openout3 = `pocsbook.topl'.


(./pocsbook.pipe) (./pocsbook.frpl

LaTeX Warning: Marginpar on page 9 moved.

File: 0393329461.01.LZZZZZZZ.jpg Graphic file (type QTm)
<use  "0393329461.01.LZZZZZZZ.jpg" >

Package hyperref Warning: Suppressing link with empty target on input line 10.

)
\openout3 = `pocsbook.topl'.

\openout3 = `pocsbook.tfpl'.

 (./pocsbook.pipe)
\openout3 = `pocsbook.topl'.

 (./pocsbook.pipe) (./pocsbook.frpl)
\openout3 = `pocsbook.topl'.

\openout3 = `pocsbook.tfpl'.

 (./pocsbook.pipe)
\openout3 = `pocsbook.topl'.


(./pocsbook.pipe) (./pocsbook.frpl

LaTeX Warning: Marginpar on page 9 moved.

File: 0374530416.01.LZZZZZZZ.jpg Graphic file (type QTm)
<use  "0374530416.01.LZZZZZZZ.jpg" >

Package hyperref Warning: Suppressing link with empty target on input line 10.

)

LaTeX Warning: Marginpar on page 9 moved.

\openout3 = `pocsbook.topl'.

\openout3 = `pocsbook.tfpl'.

(./pocsbook.pipe)
\openout3 = `pocsbook.topl'.

 (./pocsbook.pipe) (./pocsbook.frpl)
\openout3 = `pocsbook.topl'.

\openout3 = `pocsbook.tfpl'.

 (./pocsbook.pipe)
\openout3 = `pocsbook.topl'.


(./pocsbook.pipe) (./pocsbook.frpl
File: 0691127026.01.LZZZZZZZ.jpg Graphic file (type QTm)
 <use  "0691127026.01.LZZZZZZZ.jpg" >

Package hyperref Warning: Suppressing link with empty target on input line 10.

)
\openout3 = `pocsbook.topl'.

\openout3 = `pocsbook.tfpl'.

 (./pocsbook.pipe)
\openout3 = `pocsbook.topl'.

 (./pocsbook.pipe) (./pocsbook.frpl)
\openout3 = `pocsbook.topl'.

\openout3 = `pocsbook.tfpl'.

 (./pocsbook.pipe)
\openout3 = `pocsbook.topl'.


(./pocsbook.pipe) (./pocsbook.frpl

LaTeX Warning: Marginpar on page 9 moved.

File: 3540308822.01.LZZZZZZZ.jpg Graphic file (type QTm)
<use  "3540308822.01.LZZZZZZZ.jpg" >

Package hyperref Warning: Suppressing link with empty target on input line 10.

)
\openout3 = `pocsbook.topl'.

\openout3 = `pocsbook.tfpl'.

 (./pocsbook.pipe)
\openout3 = `pocsbook.topl'.

 (./pocsbook.pipe) (./pocsbook.frpl)
\openout3 = `pocsbook.topl'.

\openout3 = `pocsbook.tfpl'.

 (./pocsbook.pipe)
\openout3 = `pocsbook.topl'.


(./pocsbook.pipe) (./pocsbook.frpl

LaTeX Warning: Marginpar on page 10 moved.

File: 1441965610.01.LZZZZZZZ.jpg Graphic file (type QTm)
<use  "1441965610.01.LZZZZZZZ.jpg" >

Package hyperref Warning: Suppressing link with empty target on input line 10.

) [9]

LaTeX Warning: Marginpar on page 10 moved.

File: roboctopus.png Graphic file (type QTm)
<use  "roboctopus.png" >

LaTeX Warning: Marginpar on page 10 moved.

File: nautilus-cover.png Graphic file (type QTm)
<use  "nautilus-cover.png" >

LaTeX Warning: Marginpar on page 10 moved.

File: wikipedia-tp.pdf Graphic file (type QTm)
<use  "wikipedia-tp.pdf" >

LaTeX Warning: Marginpar on page 10 moved.

File: wikipedia-tp.pdf Graphic file (type QTm)
<use  "wikipedia-tp.pdf" >

LaTeX Warning: Marginpar on page 10 moved.

[10]
File: 200px-Democritus2.jpg Graphic file (type QTm)
 <use  "200px-Democritus2.jpg" >
Underfull \hbox (badness 10000) in paragraph at lines 828--829

 []


LaTeX Font Warning: Font shape `EU1/FontAwesome(0)/bx/n' undefined
(Font)              using `EU1/FontAwesome(0)/m/n' instead on input line 835.

File: 240px-Dalton_John_desk.jpg Graphic file (type QTm)
<use  "240px-Dalton_John_desk.jpg" >
Underfull \hbox (badness 10000) in paragraph at lines 851--852

 []


LaTeX Warning: Marginpar on page 11 moved.

File: 225px-Boltzmann2.jpg Graphic file (type QTm)
<use  "225px-Boltzmann2.jpg" >
Underfull \hbox (badness 10000) in paragraph at lines 875--876

 []


LaTeX Warning: Marginpar on page 11 moved.

File: 220px-Einstein_1921_portrait2.jpg Graphic file (type QTm)
<use  "220px-Einstein_1921_portrait2.jpg" >
Underfull \hbox (badness 10000) in paragraph at lines 916--917

 []


LaTeX Warning: Marginpar on page 11 moved.


Overfull \hbox (12.55513pt too wide) in paragraph at lines 925--926
\EU1/Palatino(0)/m/n/9 tionary Liquid, as Required by the Molecular Kinetic The
ory of Heat$[]$ 
 []

File: 180px-Jean_Baptiste_Perrin.jpg Graphic file (type QTm)
<use  "180px-Jean_Baptiste_Perrin.jpg" >
Underfull \hbox (badness 10000) in paragraph at lines 937--938

 []


LaTeX Warning: Marginpar on page 11 moved.

[11]
Overfull \hbox (16.14037pt too wide) in paragraph at lines 1001--1003
[]\EU1/Palatino(0)/m/n/9 We can simulate, model, and create complex systems in 
extraordinary detail. 
 []

File: 201009SRC696-economist.png Graphic file (type QTm)
<use  "201009SRC696-economist.png" >
Underfull \hbox (badness 10000) in paragraph at lines 1031--1032

 []

File: 201009SRC722-economist.png Graphic file (type QTm)
<use  "201009SRC722-economist.png" >
File: michel2011a_fig3a.pdf Graphic file (type QTm)
 <use  "michel2011a_fig3a.pdf" >

LaTeX Warning: Marginpar on page 12 moved.

File: michel2011a_fig3e.pdf Graphic file (type QTm)
<use  "michel2011a_fig3e.pdf" >
Underfull \hbox (badness 10000) in paragraph at lines 1064--1065

 []


LaTeX Warning: Marginpar on page 12 moved.

File: michel2011a_fig3f.pdf Graphic file (type QTm)
<use  "michel2011a_fig3f.pdf" >

LaTeX Warning: Marginpar on page 12 moved.

File: michel2011a_fig4f.pdf Graphic file (type QTm)
<use  "michel2011a_fig4f.pdf" >

LaTeX Warning: Marginpar on page 12 moved.

File: lordkelvin-aip.jpg Graphic file (type QTm)
<use  "lordkelvin-aip.jpg" >

LaTeX Warning: Marginpar on page 12 moved.

[12]
File: 2013-01-14ngrams-scientist.jpg Graphic file (type QTm)
 <use  "2013-01-14ngrams-scientist.jpg" >
File: complexity-society-frontpage.pdf Graphic file (type QTm)

<use  "complexity-society-frontpage.pdf" >

LaTeX Warning: Marginpar on page 13 moved.

) [13]
File: tarot-card-manifesto.jpg Graphic file (type QTm)
 <use  "tarot-card-manifesto.jpg" > [14


]
Chapter 2.
(./chapters/pocs-manifesto.body.tex
File: wikipedia-tp.pdf Graphic file (type QTm)
 <use  "wikipedia-tp.pdf" >
File: wikipedia-tp.pdf Graphic file (type QTm)

<use  "wikipedia-tp.pdf" >
Overfull \hbox (1.67677pt too wide) in paragraph at lines 60--66
[]\EU1/Palatino(0)/m/n/9 Complex systems present problems both in mathematical
 modelling and philo-
 []

File: wikipedia-tp.pdf Graphic file (type QTm)
<use  "wikipedia-tp.pdf" > [15]
File: 1200px-Complexity_Map.png Graphic file (type QTm)
 <use  "1200px-Complexity_Map.png" > [16]
Overfull \hbox (5.72153pt too wide) in paragraph at lines 222--225
[]\EU1/Palatino(0)/m/n/9 Online here: [][]|   []\EU1/FontAwesome(0)/bx/n/9 [][
] \EU1/Palatino(0)/bx/n/9 The
 []

File: 2014-08-16pocsmap-emergence-reductionism-manifesto_postcard2_polaroid.png
 Graphic file (type QTm)

<use  "2014-08-16pocsmap-emergence-reductionism-manifesto_postcard2_polaroid.pn
g" >

LaTeX Warning: Marginpar on page 17 moved.

File: 200px-Democritus2.jpg Graphic file (type QTm)
<use  "200px-Democritus2.jpg" >

LaTeX Warning: Marginpar on page 17 moved.

File: 240px-Dalton_John_desk.jpg Graphic file (type QTm)
<use  "240px-Dalton_John_desk.jpg" >
Underfull \hbox (badness 10000) in paragraph at lines 258--259

 []


LaTeX Warning: Marginpar on page 17 moved.

File: 225px-Boltzmann2.jpg Graphic file (type QTm)
<use  "225px-Boltzmann2.jpg" >
Underfull \hbox (badness 10000) in paragraph at lines 278--279

 []


LaTeX Warning: Marginpar on page 17 moved.

File: 220px-Einstein_1921_portrait2.jpg Graphic file (type QTm)
<use  "220px-Einstein_1921_portrait2.jpg" >
Underfull \hbox (badness 10000) in paragraph at lines 315--316

 []


LaTeX Warning: Marginpar on page 17 moved.

File: 180px-Jean_Baptiste_Perrin.jpg Graphic file (type QTm)
<use  "180px-Jean_Baptiste_Perrin.jpg" >
Underfull \hbox (badness 10000) in paragraph at lines 332--333

 []


LaTeX Warning: Marginpar on page 17 moved.

File: Richard_Feynman_Nobel.jpg Graphic file (type QTm)
<use  "Richard_Feynman_Nobel.jpg" >

LaTeX Warning: Marginpar on page 17 moved.

File: 2014-08-16pocsmap-emergence-reductionism-manifesto_postcard3_polaroid.png
 Graphic file (type QTm)

<use  "2014-08-16pocsmap-emergence-reductionism-manifesto_postcard3_polaroid.pn
g" >

LaTeX Warning: Marginpar on page 18 moved.

[17]
Overfull \hbox (1.36948pt too wide) in paragraph at lines 397--399
[][][]|   []\EU1/FontAwesome(0)/bx/n/9 [][]\EU1/Palatino(0)/m/n/9 : systems wi
th quantitatively different micro details exhibit qual-
 []


Overfull \hbox (16.14037pt too wide) in paragraph at lines 404--406
[]\EU1/Palatino(0)/m/n/9 We can simulate, model, and create complex systems in 
extraordinary detail. 
 []

) [18] [19

]
File: tarot-card-overview.jpg Graphic file (type QTm)
 <use  "tarot-card-overview.jpg" > [20

]
Chapter 3.
[21]
File: tarot-card-scaling.jpg Graphic file (type QTm)
 <use  "tarot-card-scaling.jpg" > [22


]
Chapter 4.
(./chapters/pocs-scaling.body.tex

LaTeX Warning: Marginpar on page 23 moved.


LaTeX Warning: Marginpar on page 23 moved.


LaTeX Warning: Marginpar on page 23 moved.

[23]
Overfull \hbox (4.2567pt too wide) in paragraph at lines 133--135
[]\EU1/Palatino(0)/m/n/9 Talk only about orders of magnitude (powers of 10). \E
U1/Palatino(0)/bx/n/9 A beautiful, heart-warming
 []

File: zhang2000a_fig1-tp-5.pdf Graphic file (type QTm)
<use  "zhang2000a_fig1-tp-5.pdf" >
File: zhang2000a_fig2.jpg Graphic file (type QTm)
 <use  "zhang2000a_fig2.jpg" >

LaTeX Warning: Marginpar on page 24 moved.

File: zhang2000a_fig5.jpg Graphic file (type QTm)
<use  "zhang2000a_fig5.jpg" > [24]
File: bettencourt2007a_fig.pdf Graphic file (type QTm)
 <use  "bettencourt2007a_fig.pdf" >
Overfull \hbox (30.99654pt too wide) in paragraph at lines 233--234
[][]\EU1/Palatino(0)/m/n/9 Objects[] = geometric shapes, time series, functions
, relationships, distributions,... 
 []

File: iso_tree.jpg Graphic file (type QTm)
<use  "iso_tree.jpg" >
File: allo_tree.jpg Graphic file (type QTm)
 <use  "allo_tree.jpg" >
Underfull \hbox (badness 10000) in paragraph at lines 285--286

 []


LaTeX Warning: Marginpar on page 26 moved.

[25]
File: mcmahon1983a_cover.pdf Graphic file (type QTm)
 <use  "mcmahon1983a_cover.pdf" >
File: mcmahon1983a_p3caption1.pdf Graphic file (type QTm)
 <use  "mcmahon1983a_p3caption1.pdf" >

LaTeX Warning: Marginpar on page 26 moved.

File: mcmahon1983a_p3caption2.pdf Graphic file (type QTm)
<use  "mcmahon1983a_p3caption2.pdf" >

LaTeX Warning: Marginpar on page 26 moved.

File: mcmahon1983a_p3caption3.pdf Graphic file (type QTm)
<use  "mcmahon1983a_p3caption3.pdf" >

LaTeX Warning: Marginpar on page 26 moved.

File: mcmahon1983a_p3caption1.pdf Graphic file (type QTm)
<use  "mcmahon1983a_p3caption1.pdf" >
Underfull \hbox (badness 10000) in paragraph at lines 346--347

 []


LaTeX Warning: Marginpar on page 26 moved.

File: mcmahon1983a_p2.pdf Graphic file (type QTm)
<use  "mcmahon1983a_p2.pdf" >

LaTeX Warning: Marginpar on page 26 moved.

File: mcmahon1983a_p3caption1.pdf Graphic file (type QTm)
<use  "mcmahon1983a_p3caption1.pdf" >

LaTeX Warning: Marginpar on page 26 moved.

File: mcmahon1983a_p3caption2.pdf Graphic file (type QTm)
<use  "mcmahon1983a_p3caption2.pdf" >

LaTeX Warning: Marginpar on page 26 moved.

File: mcmahon1983a_p3caption3.pdf Graphic file (type QTm)
<use  "mcmahon1983a_p3caption3.pdf" >

LaTeX Warning: Marginpar on page 26 moved.

File: mcmahon1983a_p3caption2.pdf Graphic file (type QTm)
<use  "mcmahon1983a_p3caption2.pdf" >
Underfull \hbox (badness 10000) in paragraph at lines 377--378

 []


LaTeX Warning: Marginpar on page 26 moved.

File: mcmahon1983a_p3fig1.pdf Graphic file (type QTm)
<use  "mcmahon1983a_p3fig1.pdf" >

LaTeX Warning: Marginpar on page 26 moved.

File: mcmahon1983a_p3caption1.pdf Graphic file (type QTm)
<use  "mcmahon1983a_p3caption1.pdf" >

LaTeX Warning: Marginpar on page 26 moved.

File: mcmahon1983a_p3caption2.pdf Graphic file (type QTm)
<use  "mcmahon1983a_p3caption2.pdf" >

LaTeX Warning: Marginpar on page 26 moved.

File: mcmahon1983a_p3caption3.pdf Graphic file (type QTm)
<use  "mcmahon1983a_p3caption3.pdf" >

LaTeX Warning: Marginpar on page 26 moved.

File: mcmahon1983a_p3caption3.pdf Graphic file (type QTm)
<use  "mcmahon1983a_p3caption3.pdf" >

LaTeX Warning: Marginpar on page 26 moved.

File: mcmahon1983a_p3fig2.pdf Graphic file (type QTm)
<use  "mcmahon1983a_p3fig2.pdf" >

LaTeX Warning: Marginpar on page 26 moved.

File: mcmahon1983a_p4sizerange.pdf Graphic file (type QTm)
<use  "mcmahon1983a_p4sizerange.pdf" >
Underfull \hbox (badness 10000) in paragraph at lines 423--424

 []


LaTeX Warning: Marginpar on page 26 moved.

File: mcmahon1983a_p22cells.pdf Graphic file (type QTm)
<use  "mcmahon1983a_p22cells.pdf" >

LaTeX Warning: Marginpar on page 26 moved.

File: mcmahon1983a_p32humangrowth.pdf Graphic file (type QTm)
<use  "mcmahon1983a_p32humangrowth.pdf" >

LaTeX Warning: Marginpar on page 26 moved.


Overfull \hbox (41.60445pt too wide) in paragraph at lines 439--441
[]\EU1/Palatino(0)/m/n/9 p. 32, McMahon and Bonner$[]$ \EU1/Palatino(0)/bx/n/9 
Non-uniform growtharm length versus height: 
 []

File: mcmahon1983a_p32armgrowth.pdf Graphic file (type QTm)
<use  "mcmahon1983a_p32armgrowth.pdf" >

LaTeX Warning: Marginpar on page 26 moved.

File: mcmahon1983a_p56weightlifting.pdf Graphic file (type QTm)
<use  "mcmahon1983a_p56weightlifting.pdf" >

LaTeX Warning: Marginpar on page 26 moved.

File: mcmahon1983a_p36horns.pdf Graphic file (type QTm)
<use  "mcmahon1983a_p36horns.pdf" >

LaTeX Warning: Marginpar on page 26 moved.

File: shrew.jpg Graphic file (type QTm)
<use  "shrew.jpg" > [26]

LaTeX Warning: Marginpar on page 27 moved.

File: shrew-elephant-tp-5.pdf Graphic file (type QTm)
<use  "shrew-elephant-tp-5.pdf" >

LaTeX Warning: Marginpar on page 27 moved.

File: 250px-Re-exposure_of_elephant_-_lahugala_park1.jpg Graphic file (type QTm
)
<use  "250px-Re-exposure_of_elephant_-_lahugala_park1.jpg" >

LaTeX Warning: Marginpar on page 27 moved.

File: 2014-08-26pocs-sketch-metabolism-assassin_shadow.png Graphic file (type Q
Tm)
<use  "2014-08-26pocs-sketch-metabolism-assassin_shadow.png" >

LaTeX Warning: Marginpar on page 27 moved.

File: tomasetti2015a_fig1.pdf Graphic file (type QTm)
<use  "tomasetti2015a_fig1.pdf" >

LaTeX Warning: Marginpar on page 27 moved.

File: meyer-vernet2015a_fig1.pdf Graphic file (type QTm)
<use  "meyer-vernet2015a_fig1.pdf" >
Underfull \hbox (badness 10000) in paragraph at lines 554--555

 []


LaTeX Warning: Marginpar on page 27 moved.

File: meyer-vernet2015a_fig1_caption.pdf Graphic file (type QTm)
<use  "meyer-vernet2015a_fig1_caption.pdf" >

LaTeX Warning: Marginpar on page 27 moved.

File: mcmahon1983a_p61engines.pdf Graphic file (type QTm)
<use  "mcmahon1983a_p61engines.pdf" >

LaTeX Warning: Marginpar on page 27 moved.

File: mcmahon1983a_p58nails.pdf Graphic file (type QTm)
<use  "mcmahon1983a_p58nails.pdf" >

LaTeX Warning: Marginpar on page 27 moved.

File: mcmahon1983a_p59nails.pdf Graphic file (type QTm)
<use  "mcmahon1983a_p59nails.pdf" >

LaTeX Warning: Marginpar on page 27 moved.

File: mcmahon1983a_p46rowing.pdf Graphic file (type QTm)
<use  "mcmahon1983a_p46rowing.pdf" >
Underfull \hbox (badness 10000) in paragraph at lines 617--618

 []


LaTeX Warning: Marginpar on page 27 moved.

File: mcmahon1983a_p47rowing.pdf Graphic file (type QTm)
<use  "mcmahon1983a_p47rowing.pdf" >

LaTeX Warning: Marginpar on page 27 moved.


Overfull \hbox (21.38039pt too wide) in paragraph at lines 626--629
[]\EU1/Palatino(0)/bx/n/9 Scaling in elementary laws of physics: \EU1/Palatino(
0)/m/n/9 Inverse-square law of gravity and Coulombs
 []

[27]
File: buckingham1914a_scanned.pdf Graphic file (type QTm)
 <use  "buckingham1914a_scanned.pdf"  page1>
File: buckingham1914a_scanned.pdf Graphic file (type QTm)

<use  "buckingham1914a_scanned.pdf"  page2>

LaTeX Warning: Marginpar on page 28 moved.

File: buckingham1914a_scanned.pdf Graphic file (type QTm)
<use  "buckingham1914a_scanned.pdf"  page3>

LaTeX Warning: Marginpar on page 28 moved.

File: buckingham1914a_scanned.pdf Graphic file (type QTm)
<use  "buckingham1914a_scanned.pdf"  page4>

LaTeX Warning: Marginpar on page 28 moved.

File: buckingham1914a_scanned.pdf Graphic file (type QTm)
<use  "buckingham1914a_scanned.pdf"  page5>

LaTeX Warning: Marginpar on page 28 moved.

File: buckingham1914a_scanned.pdf Graphic file (type QTm)
<use  "buckingham1914a_scanned.pdf"  page6>

LaTeX Warning: Marginpar on page 28 moved.

File: 2015-09-03pocs-platypus-pendulum_1200px-mod-tp-10.png Graphic file (type 
QTm)
<use  "2015-09-03pocs-platypus-pendulum_1200px-mod-tp-10.png" >

LaTeX Warning: Marginpar on page 28 moved.

File: 2015-09-02pocs-homer-pendulum_1200px-tp-10.png Graphic file (type QTm)
<use  "2015-09-02pocs-homer-pendulum_1200px-tp-10.png" >

LaTeX Warning: Marginpar on page 28 moved.


Underfull \hbox (badness 10000) in paragraph at lines 794--796

 []

[28]
\openout3 = `pocsbook.topl'.

\openout3 = `pocsbook.tfpl'.

 (./pocsbook.pipe)
\openout3 = `pocsbook.topl'.

 (./pocsbook.pipe) (./pocsbook.frpl)
\openout3 = `pocsbook.topl'.

\openout3 = `pocsbook.tfpl'.

 (./pocsbook.pipe)
\openout3 = `pocsbook.topl'.


(./pocsbook.pipe) (./pocsbook.frpl
File: 0521435226.01.LZZZZZZZ.jpg Graphic file (type QTm)
 <use  "0521435226.01.LZZZZZZZ.jpg" >

Package hyperref Warning: Suppressing link with empty target on input line 10.

)
File: trinities3-600x471.jpg Graphic file (type QTm)
 <use  "trinities3-600x471.jpg" >

LaTeX Warning: Marginpar on page 29 moved.

File: SI_base_unit.pdf Graphic file (type QTm)
<use  "SI_base_unit.pdf" >
Underfull \hbox (badness 10000) in paragraph at lines 915--916

 []


LaTeX Warning: Marginpar on page 30 moved.

File: Relations_between_New_SI_units_definitions.pdf Graphic file (type QTm)
<use  "Relations_between_New_SI_units_definitions.pdf" >
Underfull \hbox (badness 10000) in paragraph at lines 920--921

 []


LaTeX Warning: Marginpar on page 30 moved.


Overfull \hbox (14.50568pt too wide) in paragraph at lines 930--934
[]\EU1/Palatino(0)/m/n/9 Future: Defined by fixing Plancks constant as $\OT1/c
mr/m/n/9 6\OML/cmm/m/it/9 :\OT1/cmr/m/n/9 62606\OML/cmm/m/it/9 X \OMS/cmsy/m/n/
9 ^^B \OT1/cmr/m/n/9 10[]$ \EU1/Palatino(0)/m/n/9 s$[]\OMS/cmsy/m/n/9 ^^A$\EU1/
Palatino(0)/m/n/9 m$[]\OMS/cmsy/m/n/9 ^^A$\EU1/Palatino(0)/m/n/9 kg.[] 
 []

[29]
File: MassStandards_024.jpg Graphic file (type QTm)
 <use  "MassStandards_024.jpg" >
File: jet_cfd.jpg Graphic file (type QTm)
 <use  "jet_cfd.jpg" >

LaTeX Warning: Marginpar on page 30 moved.


Overfull \hbox (19.7047pt too wide) in paragraph at lines 979--980
[]\EU1/Palatino(0)/m/n/9 Examined the probability pixels a distance $\OML/cmm/m
/it/9 R$ \EU1/Palatino(0)/m/n/9 apart share the same luminance. 
 []

File: Romanesco_Broccoli_detail.jpg Graphic file (type QTm)
<use  "Romanesco_Broccoli_detail.jpg" >
Overfull \hbox (3.5pt too wide) in paragraph at lines 1022--1023
[][][] 
 []


Overfull \hbox (15.07439pt too wide) in paragraph at lines 1030--1031
[][][]|   []   |   []   |   []\EU1/FontAwesome(0)/bx/n/9 [][]\EU1/Palatino(0)/
m/n/9 : Self-similarity of river (branching) networks (1945).$[]$ 
 []

[30]
File: bettencourt2007a_fig1and2.pdf Graphic file (type QTm)
 <use  "bettencourt2007a_fig1and2.pdf" >
File: bettencourt2007a_tab1.pdf Graphic file (type QTm)

<use  "bettencourt2007a_tab1.pdf" >

LaTeX Warning: Marginpar on page 31 moved.


Overfull \hbox (8.7366pt too wide) in paragraph at lines 1070--1072
[]\EU1/Palatino(0)/bx/n/9 Intriguing findings: \EU1/Palatino(0)/m/n/9 Global su
pply costs scale []sublinearly[] with $\OML/cmm/m/it/9 N$ \EU1/Palatino(0)/m/n/
9 ($\OML/cmm/m/it/9 ^^L < \OT1/cmr/m/n/9 1$\EU1/Palatino(0)/m/n/9 ). 
 []

File: um2009a_fig1A.pdf Graphic file (type QTm)
<use  "um2009a_fig1A.pdf" >
File: um2009a_fig1B.pdf Graphic file (type QTm)
 <use  "um2009a_fig1B.pdf" >

LaTeX Warning: Marginpar on page 31 moved.

File: money.png Graphic file (type QTm)
<use  "money.png" >

LaTeX Warning: Marginpar on page 31 moved.


Overfull \hbox (26.85336pt too wide) in paragraph at lines 1127--1130
[]\EU1/Palatino(0)/m/n/9 Explore the original zoomable and interactive version 
here: [][]|   []\EU1/FontAwesome(0)/bx/n/9 [][]\EU1/Palatino(0)/m/n/9 .
 []

File: transistor_Count_and_Moore_Law.png Graphic file (type QTm)
<use  "transistor_Count_and_Moore_Law.png" >

LaTeX Warning: Marginpar on page 31 moved.

[31]
File: nagy2013a_fig3.pdf Graphic file (type QTm)
 <use  "nagy2013a_fig3.pdf" >
File: nagy2013a_fig4.pdf Graphic file (type QTm)
 <use  "nagy2013a_fig4.pdf" >

LaTeX Warning: Marginpar on page 32 moved.


Overfull \hbox (1.64226pt too wide) in paragraph at lines 1176--1182
\EU1/Palatino(0)/m/n/9 Systems, Organisms, Ant Colonies, Ecosystems, Businesses
, Universities, Cities,
 []


Underfull \hbox (badness 10000) in paragraph at lines 1176--1182

 []

File: changizi2002a_fig3.pdf Graphic file (type QTm)
<use  "changizi2002a_fig3.pdf" >

LaTeX Warning: Marginpar on page 32 moved.

File: changizi2002a_tab1.pdf Graphic file (type QTm)
<use  "changizi2002a_tab1.pdf" >

LaTeX Warning: Marginpar on page 32 moved.

) [32] [33

]
File: tarot-card-power-law-size-distributions.jpg Graphic file (type QTm)
 <use  "tarot-card-power-law-size-distributions.jpg" > [34

]
Chapter 5.
[35]
File: tarot-card-rich-get-richer.jpg Graphic file (type QTm)
 <use  "tarot-card-rich-get-richer.jpg" > [36


]
Chapter 6.
[37]
File: tarot-card-surprise-of-being-robust-yet-fragile.jpg Graphic file (type QT
m)
 <use  "tarot-card-surprise-of-being-robust-yet-fragile.jpg" > [38


]
Chapter 7.
[39] [40

]
Chapter 8.
[41]
File: tarot-card-complex-networks.jpg Graphic file (type QTm)
 <use  "tarot-card-complex-networks.jpg" > [42


]
Chapter 9.
[43]
File: tarot-card-unending-pandemics.jpg Graphic file (type QTm)
 <use  "tarot-card-unending-pandemics.jpg" > [44


]
Chapter 10.
[45]
File: tarot-card-social-contagion.jpg Graphic file (type QTm)
 <use  "tarot-card-social-contagion.jpg" > [46


]
Chapter 11.
[47]
File: tarot-card-john-dory.jpg Graphic file (type QTm)
 <use  "tarot-card-john-dory.jpg" > [48


]
Chapter 12.
(./chapters/pocs-stories.body.tex
File: 4463841109_f3dbc05754_pratchett.jpg Graphic file (type QTm)

<use  "4463841109_f3dbc05754_pratchett.jpg" >
Overfull \hbox (1.88977pt too wide) in paragraph at lines 31--34
[]\EU1/Palatino(0)/m/n/9 Heroes only win when outnumbered, and things which ha
ve a one-in-a-million
 []

File: 2015-11-12philip-ball-story-trap-header.jpg Graphic file (type QTm)
<use  "2015-11-12philip-ball-story-trap-header.jpg" >

LaTeX Warning: Marginpar on page 49 moved.

File: xkcd-904-sports.png Graphic file (type QTm)
<use  "xkcd-904-sports.png" >
File: 2014-11-15narrative-hierarchy-sketches-stories_001_base_1200px-tp-5.png G
raphic file (type QTm)

<use  "2014-11-15narrative-hierarchy-sketches-stories_001_base_1200px-tp-5.png"
 >

LaTeX Warning: Marginpar on page 49 moved.

File: 2014-11-15narrative-hierarchy-sketches-stories_001_broken-story_1200px-tp
-5.png Graphic file (type QTm)

<use  "2014-11-15narrative-hierarchy-sketches-stories_001_broken-story_1200px-t
p-5.png" >

LaTeX Warning: Marginpar on page 49 moved.

File: 2014-11-15narrative-hierarchy-sketches-stories_001_broken_1200px-tp-5.png
 Graphic file (type QTm)

<use  "2014-11-15narrative-hierarchy-sketches-stories_001_broken_1200px-tp-5.pn
g" >

LaTeX Warning: Marginpar on page 49 moved.


Overfull \hbox (20.88626pt too wide) in paragraph at lines 105--106
[]\EU1/Palatino(0)/m/n/8 Research: Extraction of metaphors, frames, narratives,
 and stories from large-scale text. 
 []

[49]
Overfull \hbox (13.13527pt too wide) in paragraph at lines 114--116
[][][]|   []   |   []\EU1/FontAwesome(0)/bx/n/8 [][]\EU1/Palatino(0)/m/n/8 wh
y mistruths and [][]|   []   |   []\EU1/FontAwesome(0)/bx/n/8 [][] \EU1/Palati
no(0)/m/n/8 exist and flourish: 
 []

File: 2015-09-28adjacent-stories008-tp-5.png Graphic file (type QTm)
<use  "2015-09-28adjacent-stories008-tp-5.png" >
File: 2015-09-28adjacent-stories003-tp-5.png Graphic file (type QTm)

<use  "2015-09-28adjacent-stories003-tp-5.png" >

LaTeX Warning: Marginpar on page 50 moved.

File: 2015-09-28adjacent-stories004-tp-5.png Graphic file (type QTm)
<use  "2015-09-28adjacent-stories004-tp-5.png" >

LaTeX Warning: Marginpar on page 50 moved.

File: 2015-09-28adjacent-stories002-tp-5.png Graphic file (type QTm)
<use  "2015-09-28adjacent-stories002-tp-5.png" >

LaTeX Warning: Marginpar on page 50 moved.

File: 2015-09-28adjacent-stories006-tp-5.png Graphic file (type QTm)
<use  "2015-09-28adjacent-stories006-tp-5.png" >

LaTeX Warning: Marginpar on page 50 moved.

File: 2015-09-28adjacent-stories011-tp-5.png Graphic file (type QTm)
<use  "2015-09-28adjacent-stories011-tp-5.png" >

LaTeX Warning: Marginpar on page 50 moved.

File: 2015-09-28adjacent-stories001-tp-5.png Graphic file (type QTm)
<use  "2015-09-28adjacent-stories001-tp-5.png" >

LaTeX Warning: Marginpar on page 50 moved.

File: 2015-09-28adjacent-stories010-tp-5.png Graphic file (type QTm)
<use  "2015-09-28adjacent-stories010-tp-5.png" >

LaTeX Warning: Marginpar on page 50 moved.

File: 2016-03-25on-the-media-isis-hostage-new-narrative.png Graphic file (type 
QTm)
<use  "2016-03-25on-the-media-isis-hostage-new-narrative.png" >

LaTeX Warning: Marginpar on page 50 moved.

[50]
File: tumblr_mft5lpRiy01r2qa6go1_1280_1.jpg Graphic file (type QTm)
 <use  "tumblr_mft5lpRiy01r2qa6go1_1280_1.jpg" >
File: tumblr_mft5lpRiy01r2qa6go1_1280_2.jpg Graphic file (type QTm)

<use  "tumblr_mft5lpRiy01r2qa6go1_1280_2.jpg" >
File: moby-dick-new-yorker.png Graphic file (type QTm)

<use  "moby-dick-new-yorker.png" >

LaTeX Warning: Marginpar on page 51 moved.


LaTeX Warning: Marginpar on page 51 moved.

File: swanson-pyramid-of-greatness-pc-2560x1600.png Graphic file (type QTm)
<use  "swanson-pyramid-of-greatness-pc-2560x1600.png" >

LaTeX Warning: Marginpar on page 51 moved.

File: figemotion_in_books_timeseries001_moby_dick_021_002_noname.pdf Graphic fi
le (type QTm)
<use  "figemotion_in_books_timeseries001_moby_dick_021_002_noname.pdf" >

LaTeX Warning: Marginpar on page 51 moved.

File: figemotion_in_books_timeseries001_moby_dick_021_003_noname.pdf Graphic fi
le (type QTm)
<use  "figemotion_in_books_timeseries001_moby_dick_021_003_noname.pdf" >

LaTeX Warning: Marginpar on page 51 moved.

File: figemotion_in_books_timeseries001_moby_dick_021_004_noname.pdf Graphic fi
le (type QTm)
<use  "figemotion_in_books_timeseries001_moby_dick_021_004_noname.pdf" >

LaTeX Warning: Marginpar on page 51 moved.

File: figuniversal_wordshift_insert007_figtestuniversal_wordshift007_noname.pdf
 Graphic file (type QTm)

<use  "figuniversal_wordshift_insert007_figtestuniversal_wordshift007_noname.pd
f" >

LaTeX Warning: Marginpar on page 51 moved.

File: figuniversal_wordshift007_figtestuniversal_wordshift008_noname.pdf Graphi
c file (type QTm)
<use  "figuniversal_wordshift007_figtestuniversal_wordshift008_noname.pdf" >

LaTeX Warning: Marginpar on page 51 moved.

File: figmanyhapplang_instrument001_noname.pdf Graphic file (type QTm)
<use  "figmanyhapplang_instrument001_noname.pdf" >

LaTeX Warning: Marginpar on page 51 moved.

File: 2014-09-15frankenstein.png Graphic file (type QTm)
<use  "2014-09-15frankenstein.png" >

LaTeX Warning: Marginpar on page 51 moved.

File: 2014-09-15harry-potter-all-books.png Graphic file (type QTm)
<use  "2014-09-15harry-potter-all-books.png" >

LaTeX Warning: Marginpar on page 51 moved.

File: pulpfiction.png Graphic file (type QTm)
<use  "pulpfiction.png" >
File: mobydick_timeseries.jpg Graphic file (type QTm)
 <use  "mobydick_timeseries.jpg" >

LaTeX Warning: Marginpar on page 51 moved.


LaTeX Warning: Marginpar on page 51 moved.

File: HP-005-01.png Graphic file (type QTm)
<use  "HP-005-01.png" >

LaTeX Warning: Marginpar on page 51 moved.

File: harry-potter-uvm-tweet.png Graphic file (type QTm)
<use  "harry-potter-uvm-tweet.png" >

LaTeX Warning: Marginpar on page 51 moved.

File: harry-potter-voltage.jpg Graphic file (type QTm)
<use  "harry-potter-voltage.jpg" >

LaTeX Warning: Marginpar on page 51 moved.


Overfull \hbox (44.89552pt too wide) in paragraph at lines 459--462
[]\EU1/Palatino(0)/bx/n/9 Harry Potter and the Chamber of Plot Devices: \EU1/Pa
latino(0)/m/n/9 2016-06-22andy-reagan-hedonometer.mp4
 []

File: kiley2015a_fig13_piece_1200px-square.png Graphic file (type QTm)
<use  "kiley2015a_fig13_piece_1200px-square.png" >

LaTeX Warning: Marginpar on page 51 moved.

File: fig015_2016-01-30Biased_Motifs_71_Ratio_AFL_Ghosts_V2.pdf Graphic file (t
ype QTm)
<use  "fig015_2016-01-30Biased_Motifs_71_Ratio_AFL_Ghosts_V2.pdf" >

LaTeX Warning: Marginpar on page 51 moved.

\openout3 = `pocsbook.topl'.

\openout3 = `pocsbook.tfpl'.

(./pocsbook.pipe)
\openout3 = `pocsbook.topl'.

 (./pocsbook.pipe) (./pocsbook.frpl)
\openout3 = `pocsbook.topl'.

\openout3 = `pocsbook.tfpl'.

 (./pocsbook.pipe)
\openout3 = `pocsbook.topl'.


(./pocsbook.pipe) (./pocsbook.frpl
File: 0385418868.01.LZZZZZZZ.jpg Graphic file (type QTm)
 <use  "0385418868.01.LZZZZZZZ.jpg" >

Package hyperref Warning: Suppressing link with empty target on input line 10.

)
\openout3 = `pocsbook.topl'.

\openout3 = `pocsbook.tfpl'.

 (./pocsbook.pipe)
\openout3 = `pocsbook.topl'.

 (./pocsbook.pipe) (./pocsbook.frpl)
\openout3 = `pocsbook.topl'.

\openout3 = `pocsbook.tfpl'.

 (./pocsbook.pipe)
\openout3 = `pocsbook.topl'.


(./pocsbook.pipe) (./pocsbook.frpl

LaTeX Warning: Marginpar on page 51 moved.

File: 1577315936.01.LZZZZZZZ.jpg Graphic file (type QTm)
<use  "1577315936.01.LZZZZZZZ.jpg" >

Package hyperref Warning: Suppressing link with empty target on input line 10.

)

LaTeX Warning: Marginpar on page 51 moved.

\openout3 = `pocsbook.topl'.

\openout3 = `pocsbook.tfpl'.

(./pocsbook.pipe)
\openout3 = `pocsbook.topl'.

 (./pocsbook.pipe) (./pocsbook.frpl)
\openout3 = `pocsbook.topl'.

\openout3 = `pocsbook.tfpl'.

 (./pocsbook.pipe)
\openout3 = `pocsbook.topl'.


(./pocsbook.pipe) (./pocsbook.frpl
File: 1932907009.01.LZZZZZZZ.jpg Graphic file (type QTm)
 <use  "1932907009.01.LZZZZZZZ.jpg" >

Package hyperref Warning: Suppressing link with empty target on input line 10.

)

LaTeX Warning: Marginpar on page 51 moved.

\openout3 = `pocsbook.topl'.

\openout3 = `pocsbook.tfpl'.

(./pocsbook.pipe)
\openout3 = `pocsbook.topl'.

 (./pocsbook.pipe) (./pocsbook.frpl)
\openout3 = `pocsbook.topl'.

\openout3 = `pocsbook.tfpl'.

 (./pocsbook.pipe)
\openout3 = `pocsbook.topl'.


(./pocsbook.pipe) (./pocsbook.frpl
File: 0826452094.01.LZZZZZZZ.jpg Graphic file (type QTm)
 <use  "0826452094.01.LZZZZZZZ.jpg" >

Package hyperref Warning: Suppressing link with empty target on input line 10.

)
Overfull \hbox (4.53842pt too wide) in paragraph at lines 8--494
\EU1/Palatino(0)/m/n/9 by Christopher Booker (2005).$[]$   Seven Gateways to th
e Underworld (?) 
 []


LaTeX Warning: Marginpar on page 52 moved.


Overfull \hbox (36.86304pt too wide) has occurred while \output is active
\EU1/Palatino(0)/m/it/10 CHAPTER 12.  DIFFERENTIAL EQUATIONS, ALGORITHMS, AND S
TORIES \EU1/Palatino(0)/m/n/10 51
 []

[51]
File: aarne-thompson-uther.png Graphic file (type QTm)
 <use  "aarne-thompson-uther.png" >
File: The_Simpsons-Jeff_Albertson.png Graphic file (type QTm)

<use  "The_Simpsons-Jeff_Albertson.png" >

LaTeX Warning: Marginpar on page 52 moved.

[52])
Overfull \hbox (36.86304pt too wide) has occurred while \output is active
\EU1/Palatino(0)/m/it/10 CHAPTER 12.  DIFFERENTIAL EQUATIONS, ALGORITHMS, AND S
TORIES \EU1/Palatino(0)/m/n/10 53
 []

[53]
File: tarot-card-john-dory.jpg Graphic file (type QTm)
 <use  "tarot-card-john-dory.jpg" > [54


]
Chapter 13.
) [55] (./pocsbook.bbl
Underfull \hbox (badness 10000) in paragraph at lines 4--7
\EU1/Palatino(0)/m/n/9 and Timothy R. Tangherlini.
 []


Underfull \hbox (badness 10000) in paragraph at lines 4--7
\EU1/Palatino(0)/m/n/9 Computational folkloristics.
 []


Underfull \hbox (badness 10000) in paragraph at lines 24--28
[]\EU1/Palatino(0)/m/n/9 G. I. Barenblatt.  |   []
 []


Underfull \hbox (badness 10000) in paragraph at lines 24--28
|   []\EU1/Palatino(0)/m/n/9 , volume 14 of
 []


Underfull \hbox (badness 10000) in paragraph at lines 24--28
|   []   |   []   |   []   |   []
 []


Underfull \hbox (badness 5189) in paragraph at lines 30--35
|   []   |   []   |   []   |   []\EU1/Palatino(0)/m/n/9 ,
 []


Underfull \hbox (badness 6995) in paragraph at lines 37--41
[]\EU1/Palatino(0)/m/n/9 Lus M. A. Bettencourt, Jos
 []


Underfull \hbox (badness 10000) in paragraph at lines 48--51
[]\EU1/Palatino(0)/m/n/9 Nino Boccara.  |   []
 []


Underfull \hbox (badness 10000) in paragraph at lines 53--56
[]\EU1/Palatino(0)/m/n/9 Nino Boccara.  |   []
 []


Underfull \hbox (badness 10000) in paragraph at lines 91--94
[]\EU1/Palatino(0)/m/n/9 Peter Sheridan Dodds, D. J.
 []


Underfull \hbox (badness 10000) in paragraph at lines 91--94
\EU1/Palatino(0)/m/n/9 formation exchange and the
 []


Underfull \hbox (badness 10000) in paragraph at lines 91--94
\EU1/Palatino(0)/m/n/9 robustness of organizational
 []


Underfull \hbox (badness 10000) in paragraph at lines 102--107
\EU1/Palatino(0)/m/n/9 ment of small particles sus-
 []


Underfull \hbox (badness 10000) in paragraph at lines 102--107
\EU1/Palatino(0)/m/n/9 demanded by the molecular-
 []


Underfull \hbox (badness 8075) in paragraph at lines 102--107
\EU1/Palatino(0)/m/n/9 kinetic theory of heat.  In
 []


Underfull \hbox (badness 10000) in paragraph at lines 102--107
|   []\EU1/Palatino(0)/m/n/9 . Dover Publications,
 []


Underfull \hbox (badness 10000) in paragraph at lines 114--118
[]\EU1/Palatino(0)/m/n/9 Galileo Galilei.  |   []
 []


Underfull \hbox (badness 10000) in paragraph at lines 114--118
\EU1/Palatino(0)/m/n/9 Kessinger Publishing, 2010.
 []

[56

]
Underfull \hbox (badness 10000) in paragraph at lines 137--141
\EU1/Palatino(0)/m/n/9 age capacity of reservoirs.
 []


Underfull \hbox (badness 7504) in paragraph at lines 137--141
|   []   |   []   |   []   |   []
 []


Underfull \hbox (badness 10000) in paragraph at lines 137--141
|   []   |   []   |   []   |   []\EU1/Palatino(0)/m/n/9 ,
 []


Underfull \hbox (badness 5771) in paragraph at lines 143--146
[]\EU1/Palatino(0)/m/n/9 J. S. Huxley and G. Teissier.
 []


Underfull \hbox (badness 10000) in paragraph at lines 148--151
[]\EU1/Palatino(0)/m/n/9 Neil F. Johnson.  |   []
 []


Underfull \hbox (badness 10000) in paragraph at lines 153--159
\EU1/Palatino(0)/m/n/9 pher M. Danforth, and Pe-
 []


Underfull \hbox (badness 10000) in paragraph at lines 153--159
\EU1/Palatino(0)/m/n/9 story space of professional
 []


Underfull \hbox (badness 6559) in paragraph at lines 161--165
\EU1/Palatino(0)/m/n/9 pattern and scale in ecology.
 []


Underfull \hbox (badness 6252) in paragraph at lines 183--186
[]\EU1/Palatino(0)/m/n/9 Benot B. Mandelbrot.  |   []
 []


Underfull \hbox (badness 10000) in paragraph at lines 183--186
|   []   |   []   |   []   |   []\EU1/Palatino(0)/m/n/9 .
 []


Underfull \hbox (badness 10000) in paragraph at lines 193--196
[]\EU1/Palatino(0)/m/n/9 Thomas A. McMahon and
 []


Underfull \hbox (badness 10000) in paragraph at lines 204--210
\EU1/Palatino(0)/m/n/9 Pickett, Dale Hoiberg, Dan
 []


Underfull \hbox (badness 10000) in paragraph at lines 212--216
|   []   |   []   |   []
 []


Underfull \hbox (badness 6348) in paragraph at lines 228--231
[]\EU1/Palatino(0)/m/n/9 Bla Nagy, J. Doyne Farmer,
 []


Underfull \hbox (badness 10000) in paragraph at lines 243--247
\EU1/Palatino(0)/m/n/9 helmets, concealed weapons,
 []


Underfull \hbox (badness 10000) in paragraph at lines 249--252
[]\EU1/Palatino(0)/m/n/9 Thomas C. Schelling.
 []


Underfull \hbox (badness 10000) in paragraph at lines 249--252
|   []   |   []
 []


Underfull \hbox (badness 10000) in paragraph at lines 254--258
|   []   |   []   |   []
 []


Underfull \hbox (badness 10000) in paragraph at lines 254--258
|   []\EU1/Palatino(0)/m/n/9 , volume 2, pages
 []


Underfull \hbox (badness 10000) in paragraph at lines 260--263
\EU1/Palatino(0)/m/n/9 study of biological scaling.
 []


Underfull \hbox (badness 6445) in paragraph at lines 260--263
|   []   |   []   |   []\EU1/Palatino(0)/m/n/9 ,
 []


Underfull \hbox (badness 10000) in paragraph at lines 265--268
\EU1/Palatino(0)/m/n/9 Michael Wiese Productions,
 []

[57]
Underfull \hbox (badness 10000) in paragraph at lines 270--273
[]\EU1/Palatino(0)/m/n/9 Didier Sornette.  |   []
 []


Underfull \hbox (badness 10000) in paragraph at lines 270--273
\EU1/Palatino(0)/m/n/9 Springer-Verlag, Berlin, 2nd
 []


Underfull \hbox (badness 10000) in paragraph at lines 275--278
\EU1/Palatino(0)/m/n/9 logeny of Little Red Riding
 []


Underfull \hbox (badness 10000) in paragraph at lines 291--295
[]\EU1/Palatino(0)/m/n/9 M. Mitchell Waldrop.
 []


Underfull \hbox (badness 10000) in paragraph at lines 291--295
|   []   |   []   |   []
 []


Underfull \hbox (badness 10000) in paragraph at lines 302--307
|   []   |   []   |   []   |   []   |   []
 []


Underfull \hbox (badness 10000) in paragraph at lines 309--312
\EU1/Palatino(0)/m/n/9 Addison-Wesley, Cambridge,
 []

) [58]
Package atveryend Info: Empty hook `BeforeClearDocument' on input line 74.
Package atveryend Info: Empty hook `AfterLastShipout' on input line 74.
 (./pocsbook.aux

Package mparhack Warning: Marginpars may have changed.
(mparhack)                Rerun to get them right.

)
Package atveryend Info: Empty hook `AtVeryEndDocument' on input line 74.
Package atveryend Info: Empty hook `AtEndAfterFileList' on input line 74.


LaTeX Font Warning: Some font shapes were not available, defaults substituted.


LaTeX Warning: There were multiply-defined labels.

 ) 
Here is how much of TeX's memory you used:
 28147 strings out of 493591
 486406 string characters out of 6143546
 525544 words of memory out of 5000000
 30740 multiletter control sequences out of 15000+600000
 14433 words of font info for 97 fonts, out of 8000000 for 9000
 1347 hyphenation exceptions out of 8191
 48i,13n,65p,10662b,556s stack positions out of 5000i,500n,10000p,200000b,80000s

Output written on pocsbook.pdf (60 pages).
